{"/Users/dushyant/Downloads/hometask-be-template-master/src/app.js": {"path":"/Users/dushyant/Downloads/hometask-be-template-master/src/app.js","statementMap":{"0":{"start":{"line":1,"column":16},"end":{"line":1,"column":34}},"1":{"start":{"line":2,"column":19},"end":{"line":2,"column":41}},"2":{"start":{"line":3,"column":22},"end":{"line":3,"column":41}},"3":{"start":{"line":4,"column":23},"end":{"line":4,"column":57}},"4":{"start":{"line":5,"column":23},"end":{"line":5,"column":51}},"5":{"start":{"line":6,"column":18},"end":{"line":6,"column":41}},"6":{"start":{"line":7,"column":22},"end":{"line":7,"column":49}},"7":{"start":{"line":8,"column":20},"end":{"line":8,"column":45}},"8":{"start":{"line":9,"column":21},"end":{"line":9,"column":57}},"9":{"start":{"line":11,"column":12},"end":{"line":11,"column":21}},"10":{"start":{"line":12,"column":0},"end":{"line":12,"column":22}},"11":{"start":{"line":13,"column":0},"end":{"line":13,"column":27}},"12":{"start":{"line":14,"column":0},"end":{"line":14,"column":32}},"13":{"start":{"line":15,"column":0},"end":{"line":15,"column":36}},"14":{"start":{"line":17,"column":0},"end":{"line":17,"column":20}},"15":{"start":{"line":18,"column":0},"end":{"line":18,"column":38}},"16":{"start":{"line":19,"column":0},"end":{"line":19,"column":28}},"17":{"start":{"line":20,"column":0},"end":{"line":20,"column":36}},"18":{"start":{"line":21,"column":0},"end":{"line":21,"column":31}},"19":{"start":{"line":23,"column":0},"end":{"line":23,"column":21}}},"fnMap":{},"branchMap":{},"s":{"0":1,"1":1,"2":1,"3":1,"4":1,"5":1,"6":1,"7":1,"8":1,"9":1,"10":1,"11":1,"12":1,"13":1,"14":1,"15":1,"16":1,"17":1,"18":1,"19":1},"f":{},"b":{},"_coverageSchema":"1a1c01bbd47fc00a2c39e90264f33305004495a9","hash":"e278d53ab91dcf69d4feae3c8a69554953389f3e"}
,"/Users/dushyant/Downloads/hometask-be-template-master/src/constants/error.js": {"path":"/Users/dushyant/Downloads/hometask-be-template-master/src/constants/error.js","statementMap":{"0":{"start":{"line":1,"column":18},"end":{"line":11,"column":1}},"1":{"start":{"line":13,"column":0},"end":{"line":13,"column":31}}},"fnMap":{},"branchMap":{},"s":{"0":2,"1":2},"f":{},"b":{},"_coverageSchema":"1a1c01bbd47fc00a2c39e90264f33305004495a9","hash":"fbdad046e304c67b1d598132673c853f15ec078f"}
,"/Users/dushyant/Downloads/hometask-be-template-master/src/controllers/admin.js": {"path":"/Users/dushyant/Downloads/hometask-be-template-master/src/controllers/admin.js","statementMap":{"0":{"start":{"line":1,"column":21},"end":{"line":1,"column":49}},"1":{"start":{"line":2,"column":43},"end":{"line":2,"column":71}},"2":{"start":{"line":3,"column":15},"end":{"line":3,"column":41}},"3":{"start":{"line":7,"column":8},"end":{"line":14,"column":9}},"4":{"start":{"line":8,"column":35},"end":{"line":8,"column":44}},"5":{"start":{"line":9,"column":35},"end":{"line":9,"column":83}},"6":{"start":{"line":10,"column":12},"end":{"line":10,"column":59}},"7":{"start":{"line":12,"column":12},"end":{"line":12,"column":101}},"8":{"start":{"line":13,"column":12},"end":{"line":13,"column":42}},"9":{"start":{"line":18,"column":8},"end":{"line":25,"column":9}},"10":{"start":{"line":19,"column":42},"end":{"line":19,"column":51}},"11":{"start":{"line":20,"column":32},"end":{"line":20,"column":84}},"12":{"start":{"line":21,"column":12},"end":{"line":21,"column":56}},"13":{"start":{"line":23,"column":12},"end":{"line":23,"column":98}},"14":{"start":{"line":24,"column":12},"end":{"line":24,"column":42}},"15":{"start":{"line":29,"column":0},"end":{"line":29,"column":39}}},"fnMap":{"0":{"name":"(anonymous_0)","decl":{"start":{"line":6,"column":4},"end":{"line":6,"column":5}},"loc":{"start":{"line":6,"column":38},"end":{"line":15,"column":5}},"line":6},"1":{"name":"(anonymous_1)","decl":{"start":{"line":17,"column":4},"end":{"line":17,"column":5}},"loc":{"start":{"line":17,"column":35},"end":{"line":26,"column":5}},"line":17}},"branchMap":{},"s":{"0":1,"1":1,"2":1,"3":1,"4":1,"5":1,"6":1,"7":0,"8":0,"9":1,"10":1,"11":1,"12":1,"13":0,"14":0,"15":1},"f":{"0":1,"1":1},"b":{},"_coverageSchema":"1a1c01bbd47fc00a2c39e90264f33305004495a9","hash":"6b43150558874a4d1f965497316109f042d12c10"}
,"/Users/dushyant/Downloads/hometask-be-template-master/src/controllers/baseController.js": {"path":"/Users/dushyant/Downloads/hometask-be-template-master/src/controllers/baseController.js","statementMap":{"0":{"start":{"line":1,"column":15},"end":{"line":1,"column":41}},"1":{"start":{"line":2,"column":43},"end":{"line":2,"column":71}},"2":{"start":{"line":6,"column":8},"end":{"line":6,"column":31}},"3":{"start":{"line":7,"column":8},"end":{"line":7,"column":45}},"4":{"start":{"line":8,"column":8},"end":{"line":8,"column":53}},"5":{"start":{"line":9,"column":8},"end":{"line":9,"column":45}},"6":{"start":{"line":10,"column":8},"end":{"line":10,"column":45}},"7":{"start":{"line":11,"column":8},"end":{"line":11,"column":41}},"8":{"start":{"line":12,"column":8},"end":{"line":12,"column":39}},"9":{"start":{"line":16,"column":8},"end":{"line":37,"column":9}},"10":{"start":{"line":17,"column":36},"end":{"line":17,"column":39}},"11":{"start":{"line":18,"column":89},"end":{"line":18,"column":92}},"12":{"start":{"line":20,"column":12},"end":{"line":22,"column":13}},"13":{"start":{"line":21,"column":16},"end":{"line":21,"column":63}},"14":{"start":{"line":23,"column":12},"end":{"line":25,"column":13}},"15":{"start":{"line":24,"column":16},"end":{"line":24,"column":47}},"16":{"start":{"line":26,"column":23},"end":{"line":26,"column":57}},"17":{"start":{"line":27,"column":12},"end":{"line":29,"column":13}},"18":{"start":{"line":28,"column":16},"end":{"line":28,"column":53}},"19":{"start":{"line":30,"column":12},"end":{"line":32,"column":13}},"20":{"start":{"line":31,"column":16},"end":{"line":31,"column":47}},"21":{"start":{"line":33,"column":12},"end":{"line":33,"column":83}},"22":{"start":{"line":35,"column":12},"end":{"line":35,"column":97}},"23":{"start":{"line":36,"column":12},"end":{"line":36,"column":42}},"24":{"start":{"line":41,"column":8},"end":{"line":59,"column":9}},"25":{"start":{"line":42,"column":30},"end":{"line":42,"column":38}},"26":{"start":{"line":43,"column":72},"end":{"line":43,"column":75}},"27":{"start":{"line":45,"column":12},"end":{"line":47,"column":13}},"28":{"start":{"line":46,"column":16},"end":{"line":46,"column":58}},"29":{"start":{"line":48,"column":12},"end":{"line":50,"column":13}},"30":{"start":{"line":49,"column":16},"end":{"line":49,"column":42}},"31":{"start":{"line":51,"column":23},"end":{"line":51,"column":61}},"32":{"start":{"line":52,"column":12},"end":{"line":54,"column":13}},"33":{"start":{"line":53,"column":16},"end":{"line":53,"column":47}},"34":{"start":{"line":55,"column":12},"end":{"line":55,"column":85}},"35":{"start":{"line":57,"column":12},"end":{"line":57,"column":102}},"36":{"start":{"line":58,"column":12},"end":{"line":58,"column":42}},"37":{"start":{"line":63,"column":8},"end":{"line":87,"column":9}},"38":{"start":{"line":64,"column":53},"end":{"line":64,"column":56}},"39":{"start":{"line":65,"column":105},"end":{"line":65,"column":108}},"40":{"start":{"line":67,"column":12},"end":{"line":69,"column":13}},"41":{"start":{"line":68,"column":16},"end":{"line":68,"column":63}},"42":{"start":{"line":70,"column":12},"end":{"line":72,"column":13}},"43":{"start":{"line":71,"column":16},"end":{"line":71,"column":51}},"44":{"start":{"line":73,"column":12},"end":{"line":75,"column":13}},"45":{"start":{"line":74,"column":16},"end":{"line":74,"column":47}},"46":{"start":{"line":76,"column":23},"end":{"line":76,"column":64}},"47":{"start":{"line":77,"column":12},"end":{"line":79,"column":13}},"48":{"start":{"line":78,"column":16},"end":{"line":78,"column":60}},"49":{"start":{"line":80,"column":12},"end":{"line":82,"column":13}},"50":{"start":{"line":81,"column":16},"end":{"line":81,"column":47}},"51":{"start":{"line":83,"column":12},"end":{"line":83,"column":43}},"52":{"start":{"line":85,"column":12},"end":{"line":85,"column":97}},"53":{"start":{"line":86,"column":12},"end":{"line":86,"column":42}},"54":{"start":{"line":91,"column":8},"end":{"line":102,"column":9}},"55":{"start":{"line":92,"column":27},"end":{"line":92,"column":37}},"56":{"start":{"line":93,"column":35},"end":{"line":93,"column":38}},"57":{"start":{"line":94,"column":12},"end":{"line":96,"column":13}},"58":{"start":{"line":95,"column":16},"end":{"line":95,"column":38}},"59":{"start":{"line":97,"column":12},"end":{"line":97,"column":46}},"60":{"start":{"line":98,"column":12},"end":{"line":98,"column":48}},"61":{"start":{"line":100,"column":12},"end":{"line":100,"column":97}},"62":{"start":{"line":101,"column":12},"end":{"line":101,"column":42}},"63":{"start":{"line":106,"column":8},"end":{"line":130,"column":9}},"64":{"start":{"line":107,"column":79},"end":{"line":107,"column":82}},"65":{"start":{"line":108,"column":28},"end":{"line":108,"column":31}},"66":{"start":{"line":109,"column":36},"end":{"line":109,"column":41}},"67":{"start":{"line":111,"column":12},"end":{"line":113,"column":13}},"68":{"start":{"line":112,"column":16},"end":{"line":112,"column":57}},"69":{"start":{"line":115,"column":25},"end":{"line":120,"column":14}},"70":{"start":{"line":122,"column":12},"end":{"line":124,"column":13}},"71":{"start":{"line":123,"column":16},"end":{"line":123,"column":63}},"72":{"start":{"line":126,"column":12},"end":{"line":126,"column":43}},"73":{"start":{"line":128,"column":12},"end":{"line":128,"column":95}},"74":{"start":{"line":129,"column":12},"end":{"line":129,"column":42}},"75":{"start":{"line":134,"column":8},"end":{"line":156,"column":9}},"76":{"start":{"line":135,"column":27},"end":{"line":135,"column":37}},"77":{"start":{"line":136,"column":28},"end":{"line":136,"column":31}},"78":{"start":{"line":137,"column":12},"end":{"line":139,"column":13}},"79":{"start":{"line":138,"column":16},"end":{"line":138,"column":41}},"80":{"start":{"line":140,"column":79},"end":{"line":140,"column":82}},"81":{"start":{"line":142,"column":12},"end":{"line":144,"column":13}},"82":{"start":{"line":143,"column":16},"end":{"line":143,"column":51}},"83":{"start":{"line":146,"column":23},"end":{"line":146,"column":77}},"84":{"start":{"line":148,"column":12},"end":{"line":150,"column":13}},"85":{"start":{"line":149,"column":16},"end":{"line":149,"column":58}},"86":{"start":{"line":152,"column":12},"end":{"line":152,"column":43}},"87":{"start":{"line":154,"column":12},"end":{"line":154,"column":94}},"88":{"start":{"line":155,"column":12},"end":{"line":155,"column":42}},"89":{"start":{"line":160,"column":0},"end":{"line":160,"column":32}}},"fnMap":{"0":{"name":"(anonymous_0)","decl":{"start":{"line":5,"column":4},"end":{"line":5,"column":5}},"loc":{"start":{"line":5,"column":25},"end":{"line":13,"column":5}},"line":5},"1":{"name":"(anonymous_1)","decl":{"start":{"line":15,"column":4},"end":{"line":15,"column":5}},"loc":{"start":{"line":15,"column":27},"end":{"line":38,"column":5}},"line":15},"2":{"name":"(anonymous_2)","decl":{"start":{"line":40,"column":4},"end":{"line":40,"column":5}},"loc":{"start":{"line":40,"column":31},"end":{"line":60,"column":5}},"line":40},"3":{"name":"(anonymous_3)","decl":{"start":{"line":62,"column":4},"end":{"line":62,"column":5}},"loc":{"start":{"line":62,"column":27},"end":{"line":88,"column":5}},"line":62},"4":{"name":"(anonymous_4)","decl":{"start":{"line":90,"column":4},"end":{"line":90,"column":5}},"loc":{"start":{"line":90,"column":27},"end":{"line":103,"column":5}},"line":90},"5":{"name":"(anonymous_5)","decl":{"start":{"line":105,"column":4},"end":{"line":105,"column":5}},"loc":{"start":{"line":105,"column":25},"end":{"line":131,"column":5}},"line":105},"6":{"name":"(anonymous_6)","decl":{"start":{"line":133,"column":4},"end":{"line":133,"column":5}},"loc":{"start":{"line":133,"column":24},"end":{"line":157,"column":5}},"line":133}},"branchMap":{"0":{"loc":{"start":{"line":20,"column":12},"end":{"line":22,"column":13}},"type":"if","locations":[{"start":{"line":20,"column":12},"end":{"line":22,"column":13}},{"start":{},"end":{}}],"line":20},"1":{"loc":{"start":{"line":23,"column":12},"end":{"line":25,"column":13}},"type":"if","locations":[{"start":{"line":23,"column":12},"end":{"line":25,"column":13}},{"start":{},"end":{}}],"line":23},"2":{"loc":{"start":{"line":27,"column":12},"end":{"line":29,"column":13}},"type":"if","locations":[{"start":{"line":27,"column":12},"end":{"line":29,"column":13}},{"start":{},"end":{}}],"line":27},"3":{"loc":{"start":{"line":30,"column":12},"end":{"line":32,"column":13}},"type":"if","locations":[{"start":{"line":30,"column":12},"end":{"line":32,"column":13}},{"start":{},"end":{}}],"line":30},"4":{"loc":{"start":{"line":45,"column":12},"end":{"line":47,"column":13}},"type":"if","locations":[{"start":{"line":45,"column":12},"end":{"line":47,"column":13}},{"start":{},"end":{}}],"line":45},"5":{"loc":{"start":{"line":48,"column":12},"end":{"line":50,"column":13}},"type":"if","locations":[{"start":{"line":48,"column":12},"end":{"line":50,"column":13}},{"start":{},"end":{}}],"line":48},"6":{"loc":{"start":{"line":52,"column":12},"end":{"line":54,"column":13}},"type":"if","locations":[{"start":{"line":52,"column":12},"end":{"line":54,"column":13}},{"start":{},"end":{}}],"line":52},"7":{"loc":{"start":{"line":67,"column":12},"end":{"line":69,"column":13}},"type":"if","locations":[{"start":{"line":67,"column":12},"end":{"line":69,"column":13}},{"start":{},"end":{}}],"line":67},"8":{"loc":{"start":{"line":70,"column":12},"end":{"line":72,"column":13}},"type":"if","locations":[{"start":{"line":70,"column":12},"end":{"line":72,"column":13}},{"start":{},"end":{}}],"line":70},"9":{"loc":{"start":{"line":73,"column":12},"end":{"line":75,"column":13}},"type":"if","locations":[{"start":{"line":73,"column":12},"end":{"line":75,"column":13}},{"start":{},"end":{}}],"line":73},"10":{"loc":{"start":{"line":77,"column":12},"end":{"line":79,"column":13}},"type":"if","locations":[{"start":{"line":77,"column":12},"end":{"line":79,"column":13}},{"start":{},"end":{}}],"line":77},"11":{"loc":{"start":{"line":80,"column":12},"end":{"line":82,"column":13}},"type":"if","locations":[{"start":{"line":80,"column":12},"end":{"line":82,"column":13}},{"start":{},"end":{}}],"line":80},"12":{"loc":{"start":{"line":94,"column":12},"end":{"line":96,"column":13}},"type":"if","locations":[{"start":{"line":94,"column":12},"end":{"line":96,"column":13}},{"start":{},"end":{}}],"line":94},"13":{"loc":{"start":{"line":111,"column":12},"end":{"line":113,"column":13}},"type":"if","locations":[{"start":{"line":111,"column":12},"end":{"line":113,"column":13}},{"start":{},"end":{}}],"line":111},"14":{"loc":{"start":{"line":122,"column":12},"end":{"line":124,"column":13}},"type":"if","locations":[{"start":{"line":122,"column":12},"end":{"line":124,"column":13}},{"start":{},"end":{}}],"line":122},"15":{"loc":{"start":{"line":137,"column":12},"end":{"line":139,"column":13}},"type":"if","locations":[{"start":{"line":137,"column":12},"end":{"line":139,"column":13}},{"start":{},"end":{}}],"line":137},"16":{"loc":{"start":{"line":142,"column":12},"end":{"line":144,"column":13}},"type":"if","locations":[{"start":{"line":142,"column":12},"end":{"line":144,"column":13}},{"start":{},"end":{}}],"line":142},"17":{"loc":{"start":{"line":148,"column":12},"end":{"line":150,"column":13}},"type":"if","locations":[{"start":{"line":148,"column":12},"end":{"line":150,"column":13}},{"start":{},"end":{}}],"line":148}},"s":{"0":1,"1":1,"2":3,"3":3,"4":3,"5":3,"6":3,"7":3,"8":3,"9":0,"10":0,"11":0,"12":0,"13":0,"14":0,"15":0,"16":0,"17":0,"18":0,"19":0,"20":0,"21":0,"22":0,"23":0,"24":0,"25":0,"26":0,"27":0,"28":0,"29":0,"30":0,"31":0,"32":0,"33":0,"34":0,"35":0,"36":0,"37":0,"38":0,"39":0,"40":0,"41":0,"42":0,"43":0,"44":0,"45":0,"46":0,"47":0,"48":0,"49":0,"50":0,"51":0,"52":0,"53":0,"54":0,"55":0,"56":0,"57":0,"58":0,"59":0,"60":0,"61":0,"62":0,"63":0,"64":0,"65":0,"66":0,"67":0,"68":0,"69":0,"70":0,"71":0,"72":0,"73":0,"74":0,"75":1,"76":1,"77":1,"78":1,"79":1,"80":1,"81":1,"82":0,"83":1,"84":1,"85":0,"86":1,"87":0,"88":0,"89":1},"f":{"0":3,"1":0,"2":0,"3":0,"4":0,"5":0,"6":1},"b":{"0":[0,0],"1":[0,0],"2":[0,0],"3":[0,0],"4":[0,0],"5":[0,0],"6":[0,0],"7":[0,0],"8":[0,0],"9":[0,0],"10":[0,0],"11":[0,0],"12":[0,0],"13":[0,0],"14":[0,0],"15":[1,0],"16":[0,1],"17":[0,1]},"_coverageSchema":"1a1c01bbd47fc00a2c39e90264f33305004495a9","hash":"e87b77d9a09014995569349a7ec9e4a67d312a37"}
,"/Users/dushyant/Downloads/hometask-be-template-master/src/controllers/contract.js": {"path":"/Users/dushyant/Downloads/hometask-be-template-master/src/controllers/contract.js","statementMap":{"0":{"start":{"line":1,"column":23},"end":{"line":1,"column":50}},"1":{"start":{"line":2,"column":24},"end":{"line":2,"column":55}},"2":{"start":{"line":3,"column":15},"end":{"line":3,"column":41}},"3":{"start":{"line":4,"column":43},"end":{"line":4,"column":71}},"4":{"start":{"line":7,"column":8},"end":{"line":7,"column":31}},"5":{"start":{"line":8,"column":8},"end":{"line":8,"column":55}},"6":{"start":{"line":9,"column":8},"end":{"line":9,"column":57}},"7":{"start":{"line":13,"column":8},"end":{"line":19,"column":9}},"8":{"start":{"line":14,"column":29},"end":{"line":14,"column":94}},"9":{"start":{"line":15,"column":12},"end":{"line":15,"column":53}},"10":{"start":{"line":17,"column":12},"end":{"line":17,"column":94}},"11":{"start":{"line":18,"column":12},"end":{"line":18,"column":42}},"12":{"start":{"line":23,"column":8},"end":{"line":29,"column":9}},"13":{"start":{"line":24,"column":30},"end":{"line":24,"column":90}},"14":{"start":{"line":25,"column":12},"end":{"line":25,"column":54}},"15":{"start":{"line":27,"column":12},"end":{"line":27,"column":95}},"16":{"start":{"line":28,"column":12},"end":{"line":28,"column":42}},"17":{"start":{"line":33,"column":0},"end":{"line":33,"column":42}}},"fnMap":{"0":{"name":"(anonymous_0)","decl":{"start":{"line":6,"column":4},"end":{"line":6,"column":5}},"loc":{"start":{"line":6,"column":18},"end":{"line":10,"column":5}},"line":6},"1":{"name":"(anonymous_1)","decl":{"start":{"line":12,"column":4},"end":{"line":12,"column":5}},"loc":{"start":{"line":12,"column":32},"end":{"line":20,"column":5}},"line":12},"2":{"name":"(anonymous_2)","decl":{"start":{"line":22,"column":4},"end":{"line":22,"column":5}},"loc":{"start":{"line":22,"column":33},"end":{"line":30,"column":5}},"line":22}},"branchMap":{},"s":{"0":1,"1":1,"2":1,"3":1,"4":1,"5":1,"6":1,"7":1,"8":1,"9":1,"10":0,"11":0,"12":1,"13":1,"14":1,"15":0,"16":0,"17":1},"f":{"0":1,"1":1,"2":1},"b":{},"_coverageSchema":"1a1c01bbd47fc00a2c39e90264f33305004495a9","hash":"baa493f888a9579ae75ec4cde745dd1bf8343559"}
,"/Users/dushyant/Downloads/hometask-be-template-master/src/controllers/job.js": {"path":"/Users/dushyant/Downloads/hometask-be-template-master/src/controllers/job.js","statementMap":{"0":{"start":{"line":1,"column":23},"end":{"line":1,"column":50}},"1":{"start":{"line":2,"column":19},"end":{"line":2,"column":45}},"2":{"start":{"line":3,"column":43},"end":{"line":3,"column":71}},"3":{"start":{"line":4,"column":15},"end":{"line":4,"column":41}},"4":{"start":{"line":5,"column":22},"end":{"line":5,"column":51}},"5":{"start":{"line":9,"column":8},"end":{"line":9,"column":26}},"6":{"start":{"line":10,"column":8},"end":{"line":10,"column":59}},"7":{"start":{"line":11,"column":8},"end":{"line":11,"column":51}},"8":{"start":{"line":15,"column":8},"end":{"line":21,"column":9}},"9":{"start":{"line":16,"column":25},"end":{"line":16,"column":73}},"10":{"start":{"line":17,"column":12},"end":{"line":17,"column":49}},"11":{"start":{"line":19,"column":12},"end":{"line":19,"column":97}},"12":{"start":{"line":20,"column":12},"end":{"line":20,"column":42}},"13":{"start":{"line":25,"column":8},"end":{"line":41,"column":9}},"14":{"start":{"line":26,"column":31},"end":{"line":26,"column":41}},"15":{"start":{"line":27,"column":37},"end":{"line":27,"column":48}},"16":{"start":{"line":28,"column":24},"end":{"line":28,"column":70}},"17":{"start":{"line":29,"column":12},"end":{"line":29,"column":79}},"18":{"start":{"line":31,"column":12},"end":{"line":31,"column":95}},"19":{"start":{"line":33,"column":12},"end":{"line":40,"column":13}},"20":{"start":{"line":35,"column":20},"end":{"line":35,"column":98}},"21":{"start":{"line":37,"column":20},"end":{"line":37,"column":98}},"22":{"start":{"line":39,"column":20},"end":{"line":39,"column":108}},"23":{"start":{"line":45,"column":0},"end":{"line":45,"column":37}}},"fnMap":{"0":{"name":"(anonymous_0)","decl":{"start":{"line":8,"column":4},"end":{"line":8,"column":5}},"loc":{"start":{"line":8,"column":18},"end":{"line":12,"column":5}},"line":8},"1":{"name":"(anonymous_1)","decl":{"start":{"line":14,"column":4},"end":{"line":14,"column":5}},"loc":{"start":{"line":14,"column":34},"end":{"line":22,"column":5}},"line":14},"2":{"name":"(anonymous_2)","decl":{"start":{"line":24,"column":4},"end":{"line":24,"column":5}},"loc":{"start":{"line":24,"column":30},"end":{"line":42,"column":5}},"line":24}},"branchMap":{"0":{"loc":{"start":{"line":33,"column":12},"end":{"line":40,"column":13}},"type":"switch","locations":[{"start":{"line":34,"column":16},"end":{"line":35,"column":98}},{"start":{"line":36,"column":16},"end":{"line":37,"column":98}},{"start":{"line":38,"column":16},"end":{"line":39,"column":108}}],"line":33}},"s":{"0":1,"1":1,"2":1,"3":1,"4":1,"5":1,"6":1,"7":1,"8":1,"9":1,"10":1,"11":0,"12":0,"13":1,"14":1,"15":1,"16":1,"17":1,"18":0,"19":0,"20":0,"21":0,"22":0,"23":1},"f":{"0":1,"1":1,"2":1},"b":{"0":[0,0,0]},"_coverageSchema":"1a1c01bbd47fc00a2c39e90264f33305004495a9","hash":"d85f5cb509f4199ffae53de14d714164374cc6ab"}
,"/Users/dushyant/Downloads/hometask-be-template-master/src/controllers/profile.js": {"path":"/Users/dushyant/Downloads/hometask-be-template-master/src/controllers/profile.js","statementMap":{"0":{"start":{"line":1,"column":23},"end":{"line":1,"column":50}},"1":{"start":{"line":2,"column":23},"end":{"line":2,"column":53}},"2":{"start":{"line":3,"column":43},"end":{"line":3,"column":71}},"3":{"start":{"line":4,"column":15},"end":{"line":4,"column":41}},"4":{"start":{"line":8,"column":8},"end":{"line":8,"column":30}},"5":{"start":{"line":9,"column":8},"end":{"line":9,"column":57}},"6":{"start":{"line":13,"column":8},"end":{"line":21,"column":9}},"7":{"start":{"line":14,"column":27},"end":{"line":14,"column":37}},"8":{"start":{"line":15,"column":31},"end":{"line":15,"column":39}},"9":{"start":{"line":16,"column":28},"end":{"line":16,"column":71}},"10":{"start":{"line":17,"column":12},"end":{"line":17,"column":83}},"11":{"start":{"line":19,"column":12},"end":{"line":19,"column":95}},"12":{"start":{"line":20,"column":12},"end":{"line":20,"column":42}},"13":{"start":{"line":25,"column":0},"end":{"line":25,"column":41}}},"fnMap":{"0":{"name":"(anonymous_0)","decl":{"start":{"line":7,"column":4},"end":{"line":7,"column":5}},"loc":{"start":{"line":7,"column":18},"end":{"line":10,"column":5}},"line":7},"1":{"name":"(anonymous_1)","decl":{"start":{"line":12,"column":4},"end":{"line":12,"column":5}},"loc":{"start":{"line":12,"column":33},"end":{"line":22,"column":5}},"line":12}},"branchMap":{},"s":{"0":1,"1":1,"2":1,"3":1,"4":1,"5":1,"6":1,"7":1,"8":1,"9":1,"10":1,"11":0,"12":0,"13":1},"f":{"0":1,"1":1},"b":{},"_coverageSchema":"1a1c01bbd47fc00a2c39e90264f33305004495a9","hash":"ad0902e026b37a14a0d3d19e4a9ac61cf2fcdb89"}
,"/Users/dushyant/Downloads/hometask-be-template-master/src/middleware/dbValidation.js": {"path":"/Users/dushyant/Downloads/hometask-be-template-master/src/middleware/dbValidation.js","statementMap":{"0":{"start":{"line":1,"column":35},"end":{"line":1,"column":55}},"1":{"start":{"line":2,"column":26},"end":{"line":2,"column":54}},"2":{"start":{"line":4,"column":21},"end":{"line":50,"column":1}},"3":{"start":{"line":6,"column":8},"end":{"line":19,"column":10}},"4":{"start":{"line":7,"column":23},"end":{"line":7,"column":67}},"5":{"start":{"line":8,"column":12},"end":{"line":10,"column":13}},"6":{"start":{"line":9,"column":16},"end":{"line":9,"column":107}},"7":{"start":{"line":12,"column":27},"end":{"line":12,"column":51}},"8":{"start":{"line":13,"column":12},"end":{"line":15,"column":13}},"9":{"start":{"line":14,"column":16},"end":{"line":14,"column":115}},"10":{"start":{"line":17,"column":12},"end":{"line":17,"column":40}},"11":{"start":{"line":18,"column":12},"end":{"line":18,"column":19}},"12":{"start":{"line":23,"column":8},"end":{"line":23,"column":82}},"13":{"start":{"line":26,"column":8},"end":{"line":26,"column":84}},"14":{"start":{"line":29,"column":8},"end":{"line":29,"column":74}},"15":{"start":{"line":32,"column":8},"end":{"line":48,"column":10}},"16":{"start":{"line":33,"column":12},"end":{"line":47,"column":13}},"17":{"start":{"line":34,"column":16},"end":{"line":43,"column":17}},"18":{"start":{"line":35,"column":59},"end":{"line":35,"column":69}},"19":{"start":{"line":36,"column":31},"end":{"line":36,"column":46}},"20":{"start":{"line":37,"column":20},"end":{"line":42,"column":21}},"21":{"start":{"line":38,"column":39},"end":{"line":38,"column":63}},"22":{"start":{"line":39,"column":24},"end":{"line":41,"column":25}},"23":{"start":{"line":40,"column":28},"end":{"line":40,"column":105}},"24":{"start":{"line":44,"column":16},"end":{"line":44,"column":23}},"25":{"start":{"line":46,"column":16},"end":{"line":46,"column":102}},"26":{"start":{"line":52,"column":0},"end":{"line":52,"column":30}}},"fnMap":{"0":{"name":"(anonymous_0)","decl":{"start":{"line":5,"column":26},"end":{"line":5,"column":27}},"loc":{"start":{"line":5,"column":69},"end":{"line":20,"column":5}},"line":5},"1":{"name":"(anonymous_1)","decl":{"start":{"line":6,"column":15},"end":{"line":6,"column":16}},"loc":{"start":{"line":6,"column":41},"end":{"line":19,"column":9}},"line":6},"2":{"name":"(anonymous_2)","decl":{"start":{"line":22,"column":27},"end":{"line":22,"column":28}},"loc":{"start":{"line":23,"column":8},"end":{"line":23,"column":82}},"line":23},"3":{"name":"(anonymous_3)","decl":{"start":{"line":25,"column":28},"end":{"line":25,"column":29}},"loc":{"start":{"line":26,"column":8},"end":{"line":26,"column":84}},"line":26},"4":{"name":"(anonymous_4)","decl":{"start":{"line":28,"column":23},"end":{"line":28,"column":24}},"loc":{"start":{"line":29,"column":8},"end":{"line":29,"column":74}},"line":29},"5":{"name":"(anonymous_5)","decl":{"start":{"line":31,"column":29},"end":{"line":31,"column":30}},"loc":{"start":{"line":31,"column":46},"end":{"line":49,"column":5}},"line":31},"6":{"name":"(anonymous_6)","decl":{"start":{"line":32,"column":15},"end":{"line":32,"column":16}},"loc":{"start":{"line":32,"column":41},"end":{"line":48,"column":9}},"line":32}},"branchMap":{"0":{"loc":{"start":{"line":5,"column":34},"end":{"line":5,"column":50}},"type":"default-arg","locations":[{"start":{"line":5,"column":46},"end":{"line":5,"column":50}}],"line":5},"1":{"loc":{"start":{"line":7,"column":23},"end":{"line":7,"column":67}},"type":"binary-expr","locations":[{"start":{"line":7,"column":23},"end":{"line":7,"column":44}},{"start":{"line":7,"column":48},"end":{"line":7,"column":67}}],"line":7},"2":{"loc":{"start":{"line":8,"column":12},"end":{"line":10,"column":13}},"type":"if","locations":[{"start":{"line":8,"column":12},"end":{"line":10,"column":13}},{"start":{},"end":{}}],"line":8},"3":{"loc":{"start":{"line":13,"column":12},"end":{"line":15,"column":13}},"type":"if","locations":[{"start":{"line":13,"column":12},"end":{"line":15,"column":13}},{"start":{},"end":{}}],"line":13},"4":{"loc":{"start":{"line":14,"column":62},"end":{"line":14,"column":96}},"type":"binary-expr","locations":[{"start":{"line":14,"column":62},"end":{"line":14,"column":74}},{"start":{"line":14,"column":78},"end":{"line":14,"column":96}}],"line":14},"5":{"loc":{"start":{"line":22,"column":28},"end":{"line":22,"column":44}},"type":"default-arg","locations":[{"start":{"line":22,"column":40},"end":{"line":22,"column":44}}],"line":22},"6":{"loc":{"start":{"line":25,"column":29},"end":{"line":25,"column":45}},"type":"default-arg","locations":[{"start":{"line":25,"column":41},"end":{"line":25,"column":45}}],"line":25},"7":{"loc":{"start":{"line":28,"column":24},"end":{"line":28,"column":40}},"type":"default-arg","locations":[{"start":{"line":28,"column":36},"end":{"line":28,"column":40}}],"line":28},"8":{"loc":{"start":{"line":37,"column":20},"end":{"line":42,"column":21}},"type":"if","locations":[{"start":{"line":37,"column":20},"end":{"line":42,"column":21}},{"start":{},"end":{}}],"line":37},"9":{"loc":{"start":{"line":39,"column":24},"end":{"line":41,"column":25}},"type":"if","locations":[{"start":{"line":39,"column":24},"end":{"line":41,"column":25}},{"start":{},"end":{}}],"line":39}},"s":{"0":1,"1":1,"2":1,"3":11,"4":4,"5":4,"6":0,"7":4,"8":4,"9":0,"10":4,"11":4,"12":4,"13":3,"14":4,"15":2,"16":0,"17":0,"18":0,"19":0,"20":0,"21":0,"22":0,"23":0,"24":0,"25":0,"26":1},"f":{"0":11,"1":4,"2":4,"3":3,"4":4,"5":2,"6":0},"b":{"0":[0],"1":[4,0],"2":[0,4],"3":[0,4],"4":[0,0],"5":[0],"6":[3],"7":[3],"8":[0,0],"9":[0,0]},"_coverageSchema":"1a1c01bbd47fc00a2c39e90264f33305004495a9","hash":"dccba82eca36f6ecb68f449060b6335e4646fd84"}
,"/Users/dushyant/Downloads/hometask-be-template-master/src/middleware/errorHandler.js": {"path":"/Users/dushyant/Downloads/hometask-be-template-master/src/middleware/errorHandler.js","statementMap":{"0":{"start":{"line":1,"column":15},"end":{"line":1,"column":41}},"1":{"start":{"line":3,"column":21},"end":{"line":11,"column":1}},"2":{"start":{"line":4,"column":2},"end":{"line":4,"column":67}},"3":{"start":{"line":6,"column":2},"end":{"line":10,"column":5}},"4":{"start":{"line":13,"column":0},"end":{"line":13,"column":30}}},"fnMap":{"0":{"name":"(anonymous_0)","decl":{"start":{"line":3,"column":21},"end":{"line":3,"column":22}},"loc":{"start":{"line":3,"column":46},"end":{"line":11,"column":1}},"line":3}},"branchMap":{"0":{"loc":{"start":{"line":6,"column":13},"end":{"line":6,"column":30}},"type":"binary-expr","locations":[{"start":{"line":6,"column":13},"end":{"line":6,"column":23}},{"start":{"line":6,"column":27},"end":{"line":6,"column":30}}],"line":6},"1":{"loc":{"start":{"line":8,"column":15},"end":{"line":8,"column":53}},"type":"binary-expr","locations":[{"start":{"line":8,"column":15},"end":{"line":8,"column":26}},{"start":{"line":8,"column":30},"end":{"line":8,"column":53}}],"line":8}},"s":{"0":1,"1":1,"2":0,"3":0,"4":1},"f":{"0":0},"b":{"0":[0,0],"1":[0,0]},"_coverageSchema":"1a1c01bbd47fc00a2c39e90264f33305004495a9","hash":"647fb85ad46cbe141c6a190cac70dfa167bba9be"}
,"/Users/dushyant/Downloads/hometask-be-template-master/src/middleware/getProfile.js": {"path":"/Users/dushyant/Downloads/hometask-be-template-master/src/middleware/getProfile.js","statementMap":{"0":{"start":{"line":1,"column":19},"end":{"line":7,"column":1}},"1":{"start":{"line":2,"column":24},"end":{"line":2,"column":45}},"2":{"start":{"line":3,"column":20},"end":{"line":3,"column":88}},"3":{"start":{"line":4,"column":4},"end":{"line":4,"column":46}},"4":{"start":{"line":4,"column":18},"end":{"line":4,"column":46}},"5":{"start":{"line":5,"column":4},"end":{"line":5,"column":25}},"6":{"start":{"line":6,"column":4},"end":{"line":6,"column":10}},"7":{"start":{"line":8,"column":0},"end":{"line":8,"column":31}}},"fnMap":{"0":{"name":"(anonymous_0)","decl":{"start":{"line":1,"column":19},"end":{"line":1,"column":20}},"loc":{"start":{"line":1,"column":45},"end":{"line":7,"column":1}},"line":1}},"branchMap":{"0":{"loc":{"start":{"line":3,"column":57},"end":{"line":3,"column":83}},"type":"binary-expr","locations":[{"start":{"line":3,"column":57},"end":{"line":3,"column":78}},{"start":{"line":3,"column":82},"end":{"line":3,"column":83}}],"line":3},"1":{"loc":{"start":{"line":4,"column":4},"end":{"line":4,"column":46}},"type":"if","locations":[{"start":{"line":4,"column":4},"end":{"line":4,"column":46}},{"start":{},"end":{}}],"line":4}},"s":{"0":1,"1":8,"2":8,"3":8,"4":0,"5":8,"6":8,"7":1},"f":{"0":8},"b":{"0":[8,0],"1":[0,8]},"_coverageSchema":"1a1c01bbd47fc00a2c39e90264f33305004495a9","hash":"ed12c16a460235d6ba77486e818c49717c4a1525"}
,"/Users/dushyant/Downloads/hometask-be-template-master/src/middleware/requestValidation.js": {"path":"/Users/dushyant/Downloads/hometask-be-template-master/src/middleware/requestValidation.js","statementMap":{"0":{"start":{"line":1,"column":24},"end":{"line":9,"column":1}},"1":{"start":{"line":2,"column":4},"end":{"line":8,"column":6}},"2":{"start":{"line":3,"column":26},"end":{"line":3,"column":51}},"3":{"start":{"line":4,"column":8},"end":{"line":6,"column":9}},"4":{"start":{"line":5,"column":12},"end":{"line":5,"column":77}},"5":{"start":{"line":7,"column":8},"end":{"line":7,"column":15}},"6":{"start":{"line":11,"column":23},"end":{"line":19,"column":1}},"7":{"start":{"line":12,"column":4},"end":{"line":18,"column":6}},"8":{"start":{"line":13,"column":26},"end":{"line":13,"column":53}},"9":{"start":{"line":14,"column":8},"end":{"line":16,"column":9}},"10":{"start":{"line":15,"column":12},"end":{"line":15,"column":77}},"11":{"start":{"line":17,"column":8},"end":{"line":17,"column":15}},"12":{"start":{"line":21,"column":22},"end":{"line":29,"column":1}},"13":{"start":{"line":22,"column":4},"end":{"line":28,"column":6}},"14":{"start":{"line":23,"column":26},"end":{"line":23,"column":52}},"15":{"start":{"line":24,"column":8},"end":{"line":26,"column":9}},"16":{"start":{"line":25,"column":12},"end":{"line":25,"column":77}},"17":{"start":{"line":27,"column":8},"end":{"line":27,"column":15}},"18":{"start":{"line":31,"column":0},"end":{"line":35,"column":2}}},"fnMap":{"0":{"name":"(anonymous_0)","decl":{"start":{"line":1,"column":24},"end":{"line":1,"column":25}},"loc":{"start":{"line":1,"column":36},"end":{"line":9,"column":1}},"line":1},"1":{"name":"(anonymous_1)","decl":{"start":{"line":2,"column":11},"end":{"line":2,"column":12}},"loc":{"start":{"line":2,"column":31},"end":{"line":8,"column":5}},"line":2},"2":{"name":"(anonymous_2)","decl":{"start":{"line":11,"column":23},"end":{"line":11,"column":24}},"loc":{"start":{"line":11,"column":35},"end":{"line":19,"column":1}},"line":11},"3":{"name":"(anonymous_3)","decl":{"start":{"line":12,"column":11},"end":{"line":12,"column":12}},"loc":{"start":{"line":12,"column":31},"end":{"line":18,"column":5}},"line":12},"4":{"name":"(anonymous_4)","decl":{"start":{"line":21,"column":22},"end":{"line":21,"column":23}},"loc":{"start":{"line":21,"column":34},"end":{"line":29,"column":1}},"line":21},"5":{"name":"(anonymous_5)","decl":{"start":{"line":22,"column":11},"end":{"line":22,"column":12}},"loc":{"start":{"line":22,"column":31},"end":{"line":28,"column":5}},"line":22}},"branchMap":{"0":{"loc":{"start":{"line":4,"column":8},"end":{"line":6,"column":9}},"type":"if","locations":[{"start":{"line":4,"column":8},"end":{"line":6,"column":9}},{"start":{},"end":{}}],"line":4},"1":{"loc":{"start":{"line":14,"column":8},"end":{"line":16,"column":9}},"type":"if","locations":[{"start":{"line":14,"column":8},"end":{"line":16,"column":9}},{"start":{},"end":{}}],"line":14},"2":{"loc":{"start":{"line":24,"column":8},"end":{"line":26,"column":9}},"type":"if","locations":[{"start":{"line":24,"column":8},"end":{"line":26,"column":9}},{"start":{},"end":{}}],"line":24}},"s":{"0":1,"1":7,"2":1,"3":1,"4":0,"5":1,"6":1,"7":11,"8":4,"9":4,"10":0,"11":4,"12":1,"13":2,"14":2,"15":2,"16":0,"17":2,"18":1},"f":{"0":7,"1":1,"2":11,"3":4,"4":2,"5":2},"b":{"0":[0,1],"1":[0,4],"2":[0,2]},"_coverageSchema":"1a1c01bbd47fc00a2c39e90264f33305004495a9","hash":"ff4ca812879bdf5f9b0930f1b4367c7687160ad0"}
,"/Users/dushyant/Downloads/hometask-be-template-master/src/models/contract.js": {"path":"/Users/dushyant/Downloads/hometask-be-template-master/src/models/contract.js","statementMap":{"0":{"start":{"line":1,"column":29},"end":{"line":1,"column":49}},"1":{"start":{"line":3,"column":0},"end":{"line":26,"column":2}},"2":{"start":{"line":6,"column":6},"end":{"line":6,"column":63}},"3":{"start":{"line":7,"column":6},"end":{"line":7,"column":59}},"4":{"start":{"line":8,"column":6},"end":{"line":8,"column":35}},"5":{"start":{"line":12,"column":2},"end":{"line":23,"column":5}},"6":{"start":{"line":25,"column":2},"end":{"line":25,"column":18}}},"fnMap":{"0":{"name":"(anonymous_0)","decl":{"start":{"line":3,"column":17},"end":{"line":3,"column":18}},"loc":{"start":{"line":3,"column":32},"end":{"line":26,"column":1}},"line":3},"1":{"name":"(anonymous_1)","decl":{"start":{"line":5,"column":4},"end":{"line":5,"column":5}},"loc":{"start":{"line":5,"column":29},"end":{"line":9,"column":5}},"line":5}},"branchMap":{},"s":{"0":2,"1":2,"2":2,"3":2,"4":2,"5":2,"6":2},"f":{"0":2,"1":2},"b":{},"_coverageSchema":"1a1c01bbd47fc00a2c39e90264f33305004495a9","hash":"9a77d1dfdb57bf9f329fb6bc6583b1a4d8e1f413"}
,"/Users/dushyant/Downloads/hometask-be-template-master/src/models/index.js": {"path":"/Users/dushyant/Downloads/hometask-be-template-master/src/models/index.js","statementMap":{"0":{"start":{"line":1,"column":18},"end":{"line":1,"column":38}},"1":{"start":{"line":2,"column":21},"end":{"line":2,"column":41}},"2":{"start":{"line":3,"column":22},"end":{"line":3,"column":43}},"3":{"start":{"line":4,"column":17},"end":{"line":4,"column":33}},"4":{"start":{"line":6,"column":18},"end":{"line":9,"column":2}},"5":{"start":{"line":11,"column":16},"end":{"line":11,"column":39}},"6":{"start":{"line":12,"column":17},"end":{"line":12,"column":41}},"7":{"start":{"line":13,"column":12},"end":{"line":13,"column":31}},"8":{"start":{"line":17,"column":0},"end":{"line":21,"column":3}},"9":{"start":{"line":18,"column":2},"end":{"line":20,"column":3}},"10":{"start":{"line":19,"column":4},"end":{"line":19,"column":48}},"11":{"start":{"line":23,"column":0},"end":{"line":28,"column":2}}},"fnMap":{"0":{"name":"(anonymous_0)","decl":{"start":{"line":17,"column":33},"end":{"line":17,"column":34}},"loc":{"start":{"line":17,"column":42},"end":{"line":21,"column":1}},"line":17}},"branchMap":{"0":{"loc":{"start":{"line":18,"column":2},"end":{"line":20,"column":3}},"type":"if","locations":[{"start":{"line":18,"column":2},"end":{"line":20,"column":3}},{"start":{},"end":{}}],"line":18}},"s":{"0":2,"1":2,"2":2,"3":2,"4":2,"5":2,"6":2,"7":2,"8":2,"9":6,"10":6,"11":2},"f":{"0":6},"b":{"0":[6,0]},"_coverageSchema":"1a1c01bbd47fc00a2c39e90264f33305004495a9","hash":"ced2b92ee2fceea7c1bb4343a14ca239c243940e"}
,"/Users/dushyant/Downloads/hometask-be-template-master/src/models/job.js": {"path":"/Users/dushyant/Downloads/hometask-be-template-master/src/models/job.js","statementMap":{"0":{"start":{"line":1,"column":29},"end":{"line":1,"column":49}},"1":{"start":{"line":3,"column":0},"end":{"line":32,"column":2}},"2":{"start":{"line":6,"column":6},"end":{"line":6,"column":37}},"3":{"start":{"line":10,"column":2},"end":{"line":29,"column":5}},"4":{"start":{"line":31,"column":2},"end":{"line":31,"column":13}}},"fnMap":{"0":{"name":"(anonymous_0)","decl":{"start":{"line":3,"column":17},"end":{"line":3,"column":18}},"loc":{"start":{"line":3,"column":32},"end":{"line":32,"column":1}},"line":3},"1":{"name":"(anonymous_1)","decl":{"start":{"line":5,"column":4},"end":{"line":5,"column":5}},"loc":{"start":{"line":5,"column":29},"end":{"line":7,"column":5}},"line":5}},"branchMap":{},"s":{"0":2,"1":2,"2":2,"3":2,"4":2},"f":{"0":2,"1":2},"b":{},"_coverageSchema":"1a1c01bbd47fc00a2c39e90264f33305004495a9","hash":"581ea16ec61a96b761398b3c80b3023d52a504d3"}
,"/Users/dushyant/Downloads/hometask-be-template-master/src/models/profile.js": {"path":"/Users/dushyant/Downloads/hometask-be-template-master/src/models/profile.js","statementMap":{"0":{"start":{"line":1,"column":29},"end":{"line":1,"column":49}},"1":{"start":{"line":3,"column":0},"end":{"line":36,"column":2}},"2":{"start":{"line":6,"column":6},"end":{"line":6,"column":89}},"3":{"start":{"line":7,"column":6},"end":{"line":7,"column":81}},"4":{"start":{"line":11,"column":2},"end":{"line":33,"column":5}},"5":{"start":{"line":35,"column":2},"end":{"line":35,"column":17}}},"fnMap":{"0":{"name":"(anonymous_0)","decl":{"start":{"line":3,"column":17},"end":{"line":3,"column":18}},"loc":{"start":{"line":3,"column":32},"end":{"line":36,"column":1}},"line":3},"1":{"name":"(anonymous_1)","decl":{"start":{"line":5,"column":4},"end":{"line":5,"column":5}},"loc":{"start":{"line":5,"column":29},"end":{"line":8,"column":5}},"line":5}},"branchMap":{},"s":{"0":2,"1":2,"2":2,"3":2,"4":2,"5":2},"f":{"0":2,"1":2},"b":{},"_coverageSchema":"1a1c01bbd47fc00a2c39e90264f33305004495a9","hash":"7958a32d1a92a81f4b10c34489c432694e9f6b7b"}
,"/Users/dushyant/Downloads/hometask-be-template-master/src/routes/admin.js": {"path":"/Users/dushyant/Downloads/hometask-be-template-master/src/routes/admin.js","statementMap":{"0":{"start":{"line":1,"column":16},"end":{"line":1,"column":34}},"1":{"start":{"line":2,"column":24},"end":{"line":2,"column":55}},"2":{"start":{"line":3,"column":26},"end":{"line":3,"column":68}},"3":{"start":{"line":4,"column":60},"end":{"line":4,"column":85}},"4":{"start":{"line":6,"column":15},"end":{"line":6,"column":31}},"5":{"start":{"line":8,"column":0},"end":{"line":8,"column":107}},"6":{"start":{"line":9,"column":0},"end":{"line":9,"column":98}},"7":{"start":{"line":11,"column":0},"end":{"line":11,"column":24}}},"fnMap":{},"branchMap":{},"s":{"0":1,"1":1,"2":1,"3":1,"4":1,"5":1,"6":1,"7":1},"f":{},"b":{},"_coverageSchema":"1a1c01bbd47fc00a2c39e90264f33305004495a9","hash":"6231bf08c983be30eb4a25403f3728d35fcb7315"}
,"/Users/dushyant/Downloads/hometask-be-template-master/src/routes/contract.js": {"path":"/Users/dushyant/Downloads/hometask-be-template-master/src/routes/contract.js","statementMap":{"0":{"start":{"line":1,"column":16},"end":{"line":1,"column":34}},"1":{"start":{"line":2,"column":27},"end":{"line":2,"column":61}},"2":{"start":{"line":3,"column":44},"end":{"line":3,"column":86}},"3":{"start":{"line":4,"column":21},"end":{"line":4,"column":58}},"4":{"start":{"line":9,"column":4},"end":{"line":9,"column":29}},"5":{"start":{"line":10,"column":20},"end":{"line":10,"column":40}},"6":{"start":{"line":12,"column":15},"end":{"line":12,"column":31}},"7":{"start":{"line":14,"column":0},"end":{"line":18,"column":2}},"8":{"start":{"line":20,"column":0},"end":{"line":20,"column":49}},"9":{"start":{"line":22,"column":0},"end":{"line":29,"column":2}},"10":{"start":{"line":31,"column":0},"end":{"line":36,"column":2}},"11":{"start":{"line":38,"column":0},"end":{"line":42,"column":2}},"12":{"start":{"line":44,"column":0},"end":{"line":44,"column":24}}},"fnMap":{},"branchMap":{},"s":{"0":1,"1":1,"2":1,"3":1,"4":1,"5":1,"6":1,"7":1,"8":1,"9":1,"10":1,"11":1,"12":1},"f":{},"b":{},"_coverageSchema":"1a1c01bbd47fc00a2c39e90264f33305004495a9","hash":"15394f688e46d504e31efbed270caf27520ccf74"}
,"/Users/dushyant/Downloads/hometask-be-template-master/src/routes/job.js": {"path":"/Users/dushyant/Downloads/hometask-be-template-master/src/routes/job.js","statementMap":{"0":{"start":{"line":1,"column":16},"end":{"line":1,"column":34}},"1":{"start":{"line":2,"column":22},"end":{"line":2,"column":51}},"2":{"start":{"line":3,"column":44},"end":{"line":3,"column":86}},"3":{"start":{"line":4,"column":21},"end":{"line":4,"column":58}},"4":{"start":{"line":10,"column":4},"end":{"line":10,"column":29}},"5":{"start":{"line":11,"column":21},"end":{"line":11,"column":41}},"6":{"start":{"line":13,"column":15},"end":{"line":13,"column":31}},"7":{"start":{"line":15,"column":0},"end":{"line":15,"column":51}},"8":{"start":{"line":17,"column":0},"end":{"line":21,"column":2}},"9":{"start":{"line":23,"column":0},"end":{"line":23,"column":36}},"10":{"start":{"line":25,"column":0},"end":{"line":29,"column":2}},"11":{"start":{"line":31,"column":0},"end":{"line":37,"column":2}},"12":{"start":{"line":39,"column":0},"end":{"line":44,"column":2}},"13":{"start":{"line":46,"column":0},"end":{"line":50,"column":2}},"14":{"start":{"line":52,"column":0},"end":{"line":52,"column":24}}},"fnMap":{},"branchMap":{},"s":{"0":1,"1":1,"2":1,"3":1,"4":1,"5":1,"6":1,"7":1,"8":1,"9":1,"10":1,"11":1,"12":1,"13":1,"14":1},"f":{},"b":{},"_coverageSchema":"1a1c01bbd47fc00a2c39e90264f33305004495a9","hash":"be472257f31445a190bda1d9857f170728298806"}
,"/Users/dushyant/Downloads/hometask-be-template-master/src/routes/profile.js": {"path":"/Users/dushyant/Downloads/hometask-be-template-master/src/routes/profile.js","statementMap":{"0":{"start":{"line":1,"column":16},"end":{"line":1,"column":34}},"1":{"start":{"line":2,"column":26},"end":{"line":2,"column":59}},"2":{"start":{"line":3,"column":44},"end":{"line":3,"column":86}},"3":{"start":{"line":4,"column":21},"end":{"line":4,"column":58}},"4":{"start":{"line":10,"column":4},"end":{"line":10,"column":29}},"5":{"start":{"line":12,"column":15},"end":{"line":12,"column":31}},"6":{"start":{"line":14,"column":0},"end":{"line":19,"column":2}},"7":{"start":{"line":21,"column":0},"end":{"line":21,"column":40}},"8":{"start":{"line":23,"column":0},"end":{"line":27,"column":2}},"9":{"start":{"line":29,"column":0},"end":{"line":32,"column":2}},"10":{"start":{"line":34,"column":0},"end":{"line":39,"column":2}},"11":{"start":{"line":41,"column":0},"end":{"line":45,"column":2}},"12":{"start":{"line":47,"column":0},"end":{"line":47,"column":24}}},"fnMap":{},"branchMap":{},"s":{"0":1,"1":1,"2":1,"3":1,"4":1,"5":1,"6":1,"7":1,"8":1,"9":1,"10":1,"11":1,"12":1},"f":{},"b":{},"_coverageSchema":"1a1c01bbd47fc00a2c39e90264f33305004495a9","hash":"d4f91c02c724992db6c3320b033221ffeeef3b62"}
,"/Users/dushyant/Downloads/hometask-be-template-master/src/services/admin.js": {"path":"/Users/dushyant/Downloads/hometask-be-template-master/src/services/admin.js","statementMap":{"0":{"start":{"line":1,"column":35},"end":{"line":1,"column":55}},"1":{"start":{"line":2,"column":15},"end":{"line":2,"column":35}},"2":{"start":{"line":3,"column":18},"end":{"line":3,"column":38}},"3":{"start":{"line":7,"column":23},"end":{"line":32,"column":10}},"4":{"start":{"line":34,"column":8},"end":{"line":34,"column":25}},"5":{"start":{"line":38,"column":8},"end":{"line":64,"column":11}},"6":{"start":{"line":68,"column":0},"end":{"line":68,"column":36}}},"fnMap":{"0":{"name":"(anonymous_0)","decl":{"start":{"line":6,"column":4},"end":{"line":6,"column":5}},"loc":{"start":{"line":6,"column":40},"end":{"line":35,"column":5}},"line":6},"1":{"name":"(anonymous_1)","decl":{"start":{"line":37,"column":4},"end":{"line":37,"column":5}},"loc":{"start":{"line":37,"column":48},"end":{"line":65,"column":5}},"line":37}},"branchMap":{"0":{"loc":{"start":{"line":37,"column":37},"end":{"line":37,"column":46}},"type":"default-arg","locations":[{"start":{"line":37,"column":45},"end":{"line":37,"column":46}}],"line":37}},"s":{"0":1,"1":1,"2":1,"3":1,"4":1,"5":1,"6":1},"f":{"0":1,"1":1},"b":{"0":[0]},"_coverageSchema":"1a1c01bbd47fc00a2c39e90264f33305004495a9","hash":"417a1fb32efbce920276b6cc0f3c6491f67cc9b3"}
,"/Users/dushyant/Downloads/hometask-be-template-master/src/services/baseService.js": {"path":"/Users/dushyant/Downloads/hometask-be-template-master/src/services/baseService.js","statementMap":{"0":{"start":{"line":1,"column":15},"end":{"line":1,"column":35}},"1":{"start":{"line":2,"column":15},"end":{"line":2,"column":41}},"2":{"start":{"line":6,"column":8},"end":{"line":6,"column":37}},"3":{"start":{"line":10,"column":8},"end":{"line":15,"column":9}},"4":{"start":{"line":11,"column":12},"end":{"line":11,"column":57}},"5":{"start":{"line":13,"column":12},"end":{"line":13,"column":95}},"6":{"start":{"line":14,"column":12},"end":{"line":14,"column":24}},"7":{"start":{"line":19,"column":8},"end":{"line":24,"column":9}},"8":{"start":{"line":20,"column":12},"end":{"line":20,"column":61}},"9":{"start":{"line":22,"column":12},"end":{"line":22,"column":100}},"10":{"start":{"line":23,"column":12},"end":{"line":23,"column":24}},"11":{"start":{"line":28,"column":8},"end":{"line":44,"column":9}},"12":{"start":{"line":29,"column":50},"end":{"line":33,"column":14}},"13":{"start":{"line":35,"column":12},"end":{"line":38,"column":13}},"14":{"start":{"line":36,"column":16},"end":{"line":36,"column":96}},"15":{"start":{"line":37,"column":16},"end":{"line":37,"column":28}},"16":{"start":{"line":40,"column":12},"end":{"line":40,"column":35}},"17":{"start":{"line":42,"column":12},"end":{"line":42,"column":111}},"18":{"start":{"line":43,"column":12},"end":{"line":43,"column":24}},"19":{"start":{"line":48,"column":8},"end":{"line":53,"column":9}},"20":{"start":{"line":49,"column":12},"end":{"line":49,"column":67}},"21":{"start":{"line":51,"column":12},"end":{"line":51,"column":95}},"22":{"start":{"line":52,"column":12},"end":{"line":52,"column":24}},"23":{"start":{"line":57,"column":8},"end":{"line":91,"column":9}},"24":{"start":{"line":64,"column":16},"end":{"line":64,"column":23}},"25":{"start":{"line":66,"column":27},"end":{"line":66,"column":45}},"26":{"start":{"line":68,"column":36},"end":{"line":76,"column":14}},"27":{"start":{"line":78,"column":31},"end":{"line":78,"column":55}},"28":{"start":{"line":80,"column":12},"end":{"line":87,"column":14}},"29":{"start":{"line":89,"column":12},"end":{"line":89,"column":93}},"30":{"start":{"line":90,"column":12},"end":{"line":90,"column":24}},"31":{"start":{"line":95,"column":8},"end":{"line":107,"column":9}},"32":{"start":{"line":96,"column":89},"end":{"line":96,"column":96}},"33":{"start":{"line":98,"column":12},"end":{"line":103,"column":15}},"34":{"start":{"line":105,"column":12},"end":{"line":105,"column":93}},"35":{"start":{"line":106,"column":12},"end":{"line":106,"column":24}},"36":{"start":{"line":111,"column":8},"end":{"line":122,"column":9}},"37":{"start":{"line":112,"column":56},"end":{"line":112,"column":63}},"38":{"start":{"line":114,"column":12},"end":{"line":118,"column":15}},"39":{"start":{"line":120,"column":12},"end":{"line":120,"column":92}},"40":{"start":{"line":121,"column":12},"end":{"line":121,"column":24}},"41":{"start":{"line":126,"column":8},"end":{"line":131,"column":9}},"42":{"start":{"line":127,"column":12},"end":{"line":127,"column":65}},"43":{"start":{"line":129,"column":12},"end":{"line":129,"column":94}},"44":{"start":{"line":130,"column":12},"end":{"line":130,"column":24}},"45":{"start":{"line":135,"column":0},"end":{"line":135,"column":29}}},"fnMap":{"0":{"name":"(anonymous_0)","decl":{"start":{"line":5,"column":4},"end":{"line":5,"column":5}},"loc":{"start":{"line":5,"column":28},"end":{"line":7,"column":5}},"line":5},"1":{"name":"(anonymous_1)","decl":{"start":{"line":9,"column":4},"end":{"line":9,"column":5}},"loc":{"start":{"line":9,"column":26},"end":{"line":16,"column":5}},"line":9},"2":{"name":"(anonymous_2)","decl":{"start":{"line":18,"column":4},"end":{"line":18,"column":5}},"loc":{"start":{"line":18,"column":30},"end":{"line":25,"column":5}},"line":18},"3":{"name":"(anonymous_3)","decl":{"start":{"line":27,"column":4},"end":{"line":27,"column":5}},"loc":{"start":{"line":27,"column":47},"end":{"line":45,"column":5}},"line":27},"4":{"name":"(anonymous_4)","decl":{"start":{"line":47,"column":4},"end":{"line":47,"column":5}},"loc":{"start":{"line":47,"column":24},"end":{"line":54,"column":5}},"line":47},"5":{"name":"(anonymous_5)","decl":{"start":{"line":56,"column":4},"end":{"line":56,"column":5}},"loc":{"start":{"line":56,"column":50},"end":{"line":92,"column":5}},"line":56},"6":{"name":"(anonymous_6)","decl":{"start":{"line":94,"column":4},"end":{"line":94,"column":5}},"loc":{"start":{"line":94,"column":41},"end":{"line":108,"column":5}},"line":94},"7":{"name":"(anonymous_7)","decl":{"start":{"line":110,"column":4},"end":{"line":110,"column":5}},"loc":{"start":{"line":110,"column":35},"end":{"line":123,"column":5}},"line":110},"8":{"name":"(anonymous_8)","decl":{"start":{"line":125,"column":4},"end":{"line":125,"column":5}},"loc":{"start":{"line":125,"column":23},"end":{"line":132,"column":5}},"line":125}},"branchMap":{"0":{"loc":{"start":{"line":27,"column":33},"end":{"line":27,"column":45}},"type":"default-arg","locations":[{"start":{"line":27,"column":43},"end":{"line":27,"column":45}}],"line":27},"1":{"loc":{"start":{"line":35,"column":12},"end":{"line":38,"column":13}},"type":"if","locations":[{"start":{"line":35,"column":12},"end":{"line":38,"column":13}},{"start":{},"end":{}}],"line":35},"2":{"loc":{"start":{"line":56,"column":24},"end":{"line":56,"column":34}},"type":"default-arg","locations":[{"start":{"line":56,"column":32},"end":{"line":56,"column":34}}],"line":56},"3":{"loc":{"start":{"line":56,"column":36},"end":{"line":56,"column":48}},"type":"default-arg","locations":[{"start":{"line":56,"column":46},"end":{"line":56,"column":48}}],"line":56},"4":{"loc":{"start":{"line":59,"column":16},"end":{"line":59,"column":24}},"type":"default-arg","locations":[{"start":{"line":59,"column":23},"end":{"line":59,"column":24}}],"line":59},"5":{"loc":{"start":{"line":60,"column":16},"end":{"line":60,"column":26}},"type":"default-arg","locations":[{"start":{"line":60,"column":24},"end":{"line":60,"column":26}}],"line":60},"6":{"loc":{"start":{"line":61,"column":16},"end":{"line":61,"column":47}},"type":"default-arg","locations":[{"start":{"line":61,"column":24},"end":{"line":61,"column":47}}],"line":61},"7":{"loc":{"start":{"line":62,"column":16},"end":{"line":62,"column":28}},"type":"default-arg","locations":[{"start":{"line":62,"column":26},"end":{"line":62,"column":28}}],"line":62},"8":{"loc":{"start":{"line":63,"column":16},"end":{"line":63,"column":33}},"type":"default-arg","locations":[{"start":{"line":63,"column":29},"end":{"line":63,"column":33}}],"line":63},"9":{"loc":{"start":{"line":94,"column":15},"end":{"line":94,"column":25}},"type":"default-arg","locations":[{"start":{"line":94,"column":23},"end":{"line":94,"column":25}}],"line":94},"10":{"loc":{"start":{"line":94,"column":27},"end":{"line":94,"column":39}},"type":"default-arg","locations":[{"start":{"line":94,"column":37},"end":{"line":94,"column":39}}],"line":94},"11":{"loc":{"start":{"line":96,"column":20},"end":{"line":96,"column":51}},"type":"default-arg","locations":[{"start":{"line":96,"column":28},"end":{"line":96,"column":51}}],"line":96},"12":{"loc":{"start":{"line":96,"column":53},"end":{"line":96,"column":65}},"type":"default-arg","locations":[{"start":{"line":96,"column":63},"end":{"line":96,"column":65}}],"line":96},"13":{"loc":{"start":{"line":96,"column":67},"end":{"line":96,"column":84}},"type":"default-arg","locations":[{"start":{"line":96,"column":80},"end":{"line":96,"column":84}}],"line":96},"14":{"loc":{"start":{"line":110,"column":21},"end":{"line":110,"column":33}},"type":"default-arg","locations":[{"start":{"line":110,"column":31},"end":{"line":110,"column":33}}],"line":110},"15":{"loc":{"start":{"line":112,"column":20},"end":{"line":112,"column":32}},"type":"default-arg","locations":[{"start":{"line":112,"column":30},"end":{"line":112,"column":32}}],"line":112},"16":{"loc":{"start":{"line":112,"column":34},"end":{"line":112,"column":51}},"type":"default-arg","locations":[{"start":{"line":112,"column":47},"end":{"line":112,"column":51}}],"line":112}},"s":{"0":2,"1":2,"2":6,"3":0,"4":0,"5":0,"6":0,"7":0,"8":0,"9":0,"10":0,"11":0,"12":0,"13":0,"14":0,"15":0,"16":0,"17":0,"18":0,"19":0,"20":0,"21":0,"22":0,"23":0,"24":0,"25":0,"26":0,"27":0,"28":0,"29":0,"30":0,"31":4,"32":4,"33":4,"34":0,"35":0,"36":7,"37":7,"38":7,"39":0,"40":0,"41":0,"42":0,"43":0,"44":0,"45":2},"f":{"0":6,"1":0,"2":0,"3":0,"4":0,"5":0,"6":4,"7":7,"8":0},"b":{"0":[0],"1":[0,0],"2":[0],"3":[0],"4":[0],"5":[0],"6":[0],"7":[0],"8":[0],"9":[0],"10":[2],"11":[4],"12":[2],"13":[4],"14":[1],"15":[5],"16":[7]},"_coverageSchema":"1a1c01bbd47fc00a2c39e90264f33305004495a9","hash":"4e8f08af1477ffcd5ef3fa2ef8b52906da3fb3f7"}
,"/Users/dushyant/Downloads/hometask-be-template-master/src/services/contract.js": {"path":"/Users/dushyant/Downloads/hometask-be-template-master/src/services/contract.js","statementMap":{"0":{"start":{"line":1,"column":20},"end":{"line":1,"column":44}},"1":{"start":{"line":2,"column":21},"end":{"line":2,"column":41}},"2":{"start":{"line":3,"column":15},"end":{"line":3,"column":35}},"3":{"start":{"line":7,"column":8},"end":{"line":7,"column":24}},"4":{"start":{"line":11,"column":8},"end":{"line":17,"column":11}},"5":{"start":{"line":21,"column":8},"end":{"line":27,"column":11}},"6":{"start":{"line":31,"column":0},"end":{"line":31,"column":39}}},"fnMap":{"0":{"name":"(anonymous_0)","decl":{"start":{"line":6,"column":4},"end":{"line":6,"column":5}},"loc":{"start":{"line":6,"column":18},"end":{"line":8,"column":5}},"line":6},"1":{"name":"(anonymous_1)","decl":{"start":{"line":10,"column":4},"end":{"line":10,"column":5}},"loc":{"start":{"line":10,"column":41},"end":{"line":18,"column":5}},"line":10},"2":{"name":"(anonymous_2)","decl":{"start":{"line":20,"column":4},"end":{"line":20,"column":5}},"loc":{"start":{"line":20,"column":47},"end":{"line":28,"column":5}},"line":20}},"branchMap":{},"s":{"0":2,"1":2,"2":2,"3":2,"4":1,"5":2,"6":2},"f":{"0":2,"1":1,"2":2},"b":{},"_coverageSchema":"1a1c01bbd47fc00a2c39e90264f33305004495a9","hash":"51ec4a6ae115579b48d96252a857ff8c303f23fd"}
,"/Users/dushyant/Downloads/hometask-be-template-master/src/services/job.js": {"path":"/Users/dushyant/Downloads/hometask-be-template-master/src/services/job.js","statementMap":{"0":{"start":{"line":1,"column":20},"end":{"line":1,"column":44}},"1":{"start":{"line":2,"column":35},"end":{"line":2,"column":55}},"2":{"start":{"line":3,"column":28},"end":{"line":3,"column":48}},"3":{"start":{"line":4,"column":22},"end":{"line":4,"column":51}},"4":{"start":{"line":8,"column":8},"end":{"line":8,"column":19}},"5":{"start":{"line":12,"column":8},"end":{"line":24,"column":11}},"6":{"start":{"line":28,"column":23},"end":{"line":72,"column":10}},"7":{"start":{"line":29,"column":24},"end":{"line":41,"column":14}},"8":{"start":{"line":43,"column":12},"end":{"line":43,"column":87}},"9":{"start":{"line":43,"column":22},"end":{"line":43,"column":87}},"10":{"start":{"line":45,"column":27},"end":{"line":48,"column":14}},"11":{"start":{"line":50,"column":12},"end":{"line":52,"column":13}},"12":{"start":{"line":51,"column":16},"end":{"line":51,"column":72}},"13":{"start":{"line":55,"column":12},"end":{"line":58,"column":15}},"14":{"start":{"line":61,"column":12},"end":{"line":64,"column":15}},"15":{"start":{"line":67,"column":12},"end":{"line":67,"column":28}},"16":{"start":{"line":68,"column":12},"end":{"line":68,"column":41}},"17":{"start":{"line":69,"column":12},"end":{"line":69,"column":47}},"18":{"start":{"line":71,"column":12},"end":{"line":71,"column":23}},"19":{"start":{"line":74,"column":8},"end":{"line":74,"column":22}},"20":{"start":{"line":78,"column":0},"end":{"line":78,"column":34}}},"fnMap":{"0":{"name":"(anonymous_0)","decl":{"start":{"line":7,"column":4},"end":{"line":7,"column":5}},"loc":{"start":{"line":7,"column":18},"end":{"line":9,"column":5}},"line":7},"1":{"name":"(anonymous_1)","decl":{"start":{"line":11,"column":4},"end":{"line":11,"column":5}},"loc":{"start":{"line":11,"column":35},"end":{"line":25,"column":5}},"line":11},"2":{"name":"(anonymous_2)","decl":{"start":{"line":27,"column":4},"end":{"line":27,"column":5}},"loc":{"start":{"line":27,"column":37},"end":{"line":75,"column":5}},"line":27},"3":{"name":"(anonymous_3)","decl":{"start":{"line":28,"column":67},"end":{"line":28,"column":68}},"loc":{"start":{"line":28,"column":80},"end":{"line":72,"column":9}},"line":28}},"branchMap":{"0":{"loc":{"start":{"line":43,"column":12},"end":{"line":43,"column":87}},"type":"if","locations":[{"start":{"line":43,"column":12},"end":{"line":43,"column":87}},{"start":{},"end":{}}],"line":43},"1":{"loc":{"start":{"line":50,"column":12},"end":{"line":52,"column":13}},"type":"if","locations":[{"start":{"line":50,"column":12},"end":{"line":52,"column":13}},{"start":{},"end":{}}],"line":50}},"s":{"0":2,"1":2,"2":2,"3":2,"4":2,"5":2,"6":2,"7":2,"8":2,"9":0,"10":2,"11":2,"12":0,"13":2,"14":2,"15":2,"16":2,"17":2,"18":2,"19":2,"20":2},"f":{"0":2,"1":2,"2":2,"3":2},"b":{"0":[0,2],"1":[0,2]},"_coverageSchema":"1a1c01bbd47fc00a2c39e90264f33305004495a9","hash":"1749da605eeca75fad0321a1a9a2ae5437b6f66d"}
,"/Users/dushyant/Downloads/hometask-be-template-master/src/services/profile.js": {"path":"/Users/dushyant/Downloads/hometask-be-template-master/src/services/profile.js","statementMap":{"0":{"start":{"line":1,"column":20},"end":{"line":1,"column":44}},"1":{"start":{"line":2,"column":35},"end":{"line":2,"column":55}},"2":{"start":{"line":3,"column":28},"end":{"line":3,"column":48}},"3":{"start":{"line":4,"column":15},"end":{"line":4,"column":41}},"4":{"start":{"line":5,"column":22},"end":{"line":5,"column":51}},"5":{"start":{"line":9,"column":8},"end":{"line":9,"column":23}},"6":{"start":{"line":13,"column":23},"end":{"line":51,"column":10}},"7":{"start":{"line":14,"column":27},"end":{"line":20,"column":13}},"8":{"start":{"line":22,"column":12},"end":{"line":24,"column":13}},"9":{"start":{"line":23,"column":16},"end":{"line":23,"column":68}},"10":{"start":{"line":26,"column":35},"end":{"line":36,"column":14}},"11":{"start":{"line":38,"column":12},"end":{"line":40,"column":13}},"12":{"start":{"line":39,"column":16},"end":{"line":39,"column":75}},"13":{"start":{"line":42,"column":12},"end":{"line":45,"column":15}},"14":{"start":{"line":48,"column":12},"end":{"line":48,"column":52}},"15":{"start":{"line":50,"column":12},"end":{"line":50,"column":26}},"16":{"start":{"line":53,"column":8},"end":{"line":53,"column":22}},"17":{"start":{"line":57,"column":0},"end":{"line":57,"column":38}}},"fnMap":{"0":{"name":"(anonymous_0)","decl":{"start":{"line":8,"column":4},"end":{"line":8,"column":5}},"loc":{"start":{"line":8,"column":18},"end":{"line":10,"column":5}},"line":8},"1":{"name":"(anonymous_1)","decl":{"start":{"line":12,"column":4},"end":{"line":12,"column":5}},"loc":{"start":{"line":12,"column":41},"end":{"line":54,"column":5}},"line":12},"2":{"name":"(anonymous_2)","decl":{"start":{"line":13,"column":67},"end":{"line":13,"column":68}},"loc":{"start":{"line":13,"column":80},"end":{"line":51,"column":9}},"line":13}},"branchMap":{"0":{"loc":{"start":{"line":22,"column":12},"end":{"line":24,"column":13}},"type":"if","locations":[{"start":{"line":22,"column":12},"end":{"line":24,"column":13}},{"start":{},"end":{}}],"line":22},"1":{"loc":{"start":{"line":38,"column":12},"end":{"line":40,"column":13}},"type":"if","locations":[{"start":{"line":38,"column":12},"end":{"line":40,"column":13}},{"start":{},"end":{}}],"line":38}},"s":{"0":2,"1":2,"2":2,"3":2,"4":2,"5":2,"6":3,"7":3,"8":3,"9":0,"10":3,"11":3,"12":1,"13":2,"14":2,"15":2,"16":2,"17":2},"f":{"0":2,"1":3,"2":3},"b":{"0":[0,3],"1":[1,2]},"_coverageSchema":"1a1c01bbd47fc00a2c39e90264f33305004495a9","hash":"be026ab1e3ee17a1b3a9f2231af97da4891411ae"}
,"/Users/dushyant/Downloads/hometask-be-template-master/src/utils/logger.js": {"path":"/Users/dushyant/Downloads/hometask-be-template-master/src/utils/logger.js","statementMap":{"0":{"start":{"line":1,"column":16},"end":{"line":1,"column":34}},"1":{"start":{"line":2,"column":13},"end":{"line":2,"column":28}},"2":{"start":{"line":5,"column":18},"end":{"line":7,"column":2}},"3":{"start":{"line":6,"column":2},"end":{"line":6,"column":54}},"4":{"start":{"line":10,"column":15},"end":{"line":35,"column":2}},"5":{"start":{"line":38,"column":0},"end":{"line":54,"column":2}},"6":{"start":{"line":39,"column":2},"end":{"line":53,"column":3}},"7":{"start":{"line":40,"column":16},"end":{"line":40,"column":27}},"8":{"start":{"line":41,"column":18},"end":{"line":41,"column":39}},"9":{"start":{"line":43,"column":23},"end":{"line":43,"column":70}},"10":{"start":{"line":43,"column":42},"end":{"line":43,"column":69}},"11":{"start":{"line":44,"column":4},"end":{"line":49,"column":5}},"12":{"start":{"line":45,"column":20},"end":{"line":45,"column":54}},"13":{"start":{"line":46,"column":6},"end":{"line":48,"column":7}},"14":{"start":{"line":47,"column":8},"end":{"line":47,"column":24}},"15":{"start":{"line":50,"column":4},"end":{"line":50,"column":21}},"16":{"start":{"line":52,"column":4},"end":{"line":52,"column":32}},"17":{"start":{"line":56,"column":0},"end":{"line":56,"column":24}}},"fnMap":{"0":{"name":"(anonymous_0)","decl":{"start":{"line":5,"column":40},"end":{"line":5,"column":41}},"loc":{"start":{"line":5,"column":82},"end":{"line":7,"column":1}},"line":5},"1":{"name":"(anonymous_1)","decl":{"start":{"line":38,"column":17},"end":{"line":38,"column":18}},"loc":{"start":{"line":38,"column":23},"end":{"line":54,"column":1}},"line":38},"2":{"name":"(anonymous_2)","decl":{"start":{"line":43,"column":34},"end":{"line":43,"column":35}},"loc":{"start":{"line":43,"column":42},"end":{"line":43,"column":69}},"line":43}},"branchMap":{"0":{"loc":{"start":{"line":6,"column":35},"end":{"line":6,"column":51}},"type":"binary-expr","locations":[{"start":{"line":6,"column":35},"end":{"line":6,"column":40}},{"start":{"line":6,"column":44},"end":{"line":6,"column":51}}],"line":6},"1":{"loc":{"start":{"line":11,"column":9},"end":{"line":11,"column":40}},"type":"binary-expr","locations":[{"start":{"line":11,"column":9},"end":{"line":11,"column":30}},{"start":{"line":11,"column":34},"end":{"line":11,"column":40}}],"line":11},"2":{"loc":{"start":{"line":44,"column":4},"end":{"line":49,"column":5}},"type":"if","locations":[{"start":{"line":44,"column":4},"end":{"line":49,"column":5}},{"start":{},"end":{}}],"line":44},"3":{"loc":{"start":{"line":46,"column":6},"end":{"line":48,"column":7}},"type":"if","locations":[{"start":{"line":46,"column":6},"end":{"line":48,"column":7}},{"start":{},"end":{}}],"line":46}},"s":{"0":2,"1":2,"2":2,"3":0,"4":2,"5":2,"6":0,"7":0,"8":0,"9":0,"10":0,"11":0,"12":0,"13":0,"14":0,"15":0,"16":0,"17":2},"f":{"0":0,"1":0,"2":0},"b":{"0":[0,0],"1":[2,2],"2":[0,0],"3":[0,0]},"_coverageSchema":"1a1c01bbd47fc00a2c39e90264f33305004495a9","hash":"fa8bff6ce28bb2775516dd59bad038c23895f79e"}
,"/Users/dushyant/Downloads/hometask-be-template-master/src/utils/response.js": {"path":"/Users/dushyant/Downloads/hometask-be-template-master/src/utils/response.js","statementMap":{"0":{"start":{"line":1,"column":24},"end":{"line":19,"column":1}},"1":{"start":{"line":2,"column":23},"end":{"line":2,"column":27}},"2":{"start":{"line":3,"column":4},"end":{"line":3,"column":27}},"3":{"start":{"line":5,"column":4},"end":{"line":12,"column":5}},"4":{"start":{"line":6,"column":8},"end":{"line":11,"column":11}},"5":{"start":{"line":13,"column":4},"end":{"line":18,"column":7}},"6":{"start":{"line":21,"column":20},"end":{"line":28,"column":1}},"7":{"start":{"line":22,"column":16},"end":{"line":22,"column":34}},"8":{"start":{"line":23,"column":4},"end":{"line":23,"column":22}},"9":{"start":{"line":24,"column":4},"end":{"line":24,"column":32}},"10":{"start":{"line":25,"column":4},"end":{"line":25,"column":22}},"11":{"start":{"line":26,"column":4},"end":{"line":26,"column":46}},"12":{"start":{"line":27,"column":4},"end":{"line":27,"column":14}},"13":{"start":{"line":30,"column":22},"end":{"line":40,"column":1}},"14":{"start":{"line":31,"column":22},"end":{"line":31,"column":62}},"15":{"start":{"line":32,"column":23},"end":{"line":32,"column":64}},"16":{"start":{"line":33,"column":4},"end":{"line":33,"column":38}},"17":{"start":{"line":34,"column":4},"end":{"line":39,"column":7}},"18":{"start":{"line":42,"column":0},"end":{"line":42,"column":65}}},"fnMap":{"0":{"name":"(anonymous_0)","decl":{"start":{"line":1,"column":24},"end":{"line":1,"column":25}},"loc":{"start":{"line":1,"column":94},"end":{"line":19,"column":1}},"line":1},"1":{"name":"(anonymous_1)","decl":{"start":{"line":21,"column":20},"end":{"line":21,"column":21}},"loc":{"start":{"line":21,"column":65},"end":{"line":28,"column":1}},"line":21},"2":{"name":"(anonymous_2)","decl":{"start":{"line":30,"column":22},"end":{"line":30,"column":23}},"loc":{"start":{"line":30,"column":56},"end":{"line":40,"column":1}},"line":30}},"branchMap":{"0":{"loc":{"start":{"line":1,"column":41},"end":{"line":1,"column":53}},"type":"default-arg","locations":[{"start":{"line":1,"column":51},"end":{"line":1,"column":53}}],"line":1},"1":{"loc":{"start":{"line":1,"column":55},"end":{"line":1,"column":64}},"type":"default-arg","locations":[{"start":{"line":1,"column":62},"end":{"line":1,"column":64}}],"line":1},"2":{"loc":{"start":{"line":1,"column":66},"end":{"line":1,"column":76}},"type":"default-arg","locations":[{"start":{"line":1,"column":73},"end":{"line":1,"column":76}}],"line":1},"3":{"loc":{"start":{"line":1,"column":78},"end":{"line":1,"column":90}},"type":"default-arg","locations":[{"start":{"line":1,"column":85},"end":{"line":1,"column":90}}],"line":1},"4":{"loc":{"start":{"line":5,"column":4},"end":{"line":12,"column":5}},"type":"if","locations":[{"start":{"line":5,"column":4},"end":{"line":12,"column":5}},{"start":{},"end":{}}],"line":5},"5":{"loc":{"start":{"line":30,"column":37},"end":{"line":30,"column":49}},"type":"default-arg","locations":[{"start":{"line":30,"column":47},"end":{"line":30,"column":49}}],"line":30},"6":{"loc":{"start":{"line":31,"column":22},"end":{"line":31,"column":62}},"type":"binary-expr","locations":[{"start":{"line":31,"column":22},"end":{"line":31,"column":35}},{"start":{"line":31,"column":39},"end":{"line":31,"column":53}},{"start":{"line":31,"column":57},"end":{"line":31,"column":62}}],"line":31},"7":{"loc":{"start":{"line":32,"column":23},"end":{"line":32,"column":64}},"type":"binary-expr","locations":[{"start":{"line":32,"column":23},"end":{"line":32,"column":40}},{"start":{"line":32,"column":44},"end":{"line":32,"column":57}},{"start":{"line":32,"column":61},"end":{"line":32,"column":64}}],"line":32},"8":{"loc":{"start":{"line":33,"column":16},"end":{"line":33,"column":36}},"type":"binary-expr","locations":[{"start":{"line":33,"column":16},"end":{"line":33,"column":29}},{"start":{"line":33,"column":33},"end":{"line":33,"column":36}}],"line":33}},"s":{"0":2,"1":11,"2":11,"3":11,"4":1,"5":10,"6":2,"7":2,"8":2,"9":2,"10":2,"11":2,"12":2,"13":2,"14":5,"15":5,"16":5,"17":5,"18":2},"f":{"0":11,"1":2,"2":5},"b":{"0":[7],"1":[2],"2":[9],"3":[10],"4":[1,10],"5":[4],"6":[5,4,2],"7":[5,4,3],"8":[5,4]},"_coverageSchema":"1a1c01bbd47fc00a2c39e90264f33305004495a9","hash":"f4006c7efdf91d3eee3f54d819f04d053236f87e"}
,"/Users/dushyant/Downloads/hometask-be-template-master/src/validations/baseValidation.js": {"path":"/Users/dushyant/Downloads/hometask-be-template-master/src/validations/baseValidation.js","statementMap":{"0":{"start":{"line":1,"column":12},"end":{"line":1,"column":26}},"1":{"start":{"line":3,"column":15},"end":{"line":3,"column":27}},"2":{"start":{"line":4,"column":15},"end":{"line":4,"column":27}},"3":{"start":{"line":5,"column":16},"end":{"line":5,"column":29}},"4":{"start":{"line":6,"column":13},"end":{"line":6,"column":23}},"5":{"start":{"line":8,"column":23},"end":{"line":8,"column":40}},"6":{"start":{"line":9,"column":23},"end":{"line":9,"column":40}},"7":{"start":{"line":10,"column":24},"end":{"line":10,"column":42}},"8":{"start":{"line":11,"column":21},"end":{"line":11,"column":36}},"9":{"start":{"line":13,"column":26},"end":{"line":13,"column":56}},"10":{"start":{"line":13,"column":38},"end":{"line":13,"column":56}},"11":{"start":{"line":15,"column":24},"end":{"line":15,"column":57}},"12":{"start":{"line":15,"column":34},"end":{"line":15,"column":57}},"13":{"start":{"line":17,"column":0},"end":{"line":28,"column":2}}},"fnMap":{"0":{"name":"(anonymous_0)","decl":{"start":{"line":13,"column":26},"end":{"line":13,"column":27}},"loc":{"start":{"line":13,"column":38},"end":{"line":13,"column":56}},"line":13},"1":{"name":"(anonymous_1)","decl":{"start":{"line":15,"column":24},"end":{"line":15,"column":25}},"loc":{"start":{"line":15,"column":34},"end":{"line":15,"column":57}},"line":15}},"branchMap":{},"s":{"0":1,"1":1,"2":1,"3":1,"4":1,"5":1,"6":1,"7":1,"8":1,"9":1,"10":11,"11":1,"12":0,"13":1},"f":{"0":11,"1":0},"b":{},"_coverageSchema":"1a1c01bbd47fc00a2c39e90264f33305004495a9","hash":"d322e9e059fd18b0bfeff2f857a5a00a2c179943"}
,"/Users/dushyant/Downloads/hometask-be-template-master/src/validations/index.js": {"path":"/Users/dushyant/Downloads/hometask-be-template-master/src/validations/index.js","statementMap":{"0":{"start":{"line":13,"column":4},"end":{"line":13,"column":31}},"1":{"start":{"line":16,"column":33},"end":{"line":21,"column":2}},"2":{"start":{"line":23,"column":33},"end":{"line":26,"column":2}},"3":{"start":{"line":29,"column":28},"end":{"line":33,"column":2}},"4":{"start":{"line":35,"column":28},"end":{"line":38,"column":2}},"5":{"start":{"line":40,"column":25},"end":{"line":42,"column":2}},"6":{"start":{"line":45,"column":32},"end":{"line":51,"column":2}},"7":{"start":{"line":53,"column":32},"end":{"line":59,"column":2}},"8":{"start":{"line":61,"column":26},"end":{"line":63,"column":2}},"9":{"start":{"line":66,"column":33},"end":{"line":69,"column":2}},"10":{"start":{"line":71,"column":30},"end":{"line":75,"column":2}},"11":{"start":{"line":78,"column":26},"end":{"line":80,"column":2}},"12":{"start":{"line":84,"column":0},"end":{"line":96,"column":2}}},"fnMap":{},"branchMap":{},"s":{"0":1,"1":1,"2":1,"3":1,"4":1,"5":1,"6":1,"7":1,"8":1,"9":1,"10":1,"11":1,"12":1},"f":{},"b":{},"_coverageSchema":"1a1c01bbd47fc00a2c39e90264f33305004495a9","hash":"828965689e6d53342a58bdb464858cdc1450e831"}
}
