TN:
SF:src/app.js
FNF:0
FNH:0
DA:1,1
DA:2,1
DA:3,1
DA:4,1
DA:5,1
DA:6,1
DA:7,1
DA:8,1
DA:9,1
DA:11,1
DA:12,1
DA:13,1
DA:14,1
DA:15,1
DA:17,1
DA:18,1
DA:19,1
DA:20,1
DA:21,1
DA:23,1
LF:20
LH:20
BRF:0
BRH:0
end_of_record
TN:
SF:src/constants/error.js
FNF:0
FNH:0
DA:1,2
DA:13,2
LF:2
LH:2
BRF:0
BRH:0
end_of_record
TN:
SF:src/controllers/admin.js
FN:6,(anonymous_0)
FN:17,(anonymous_1)
FNF:2
FNH:2
FNDA:1,(anonymous_0)
FNDA:1,(anonymous_1)
DA:1,1
DA:2,1
DA:3,1
DA:7,1
DA:8,1
DA:9,1
DA:10,1
DA:12,0
DA:13,0
DA:18,1
DA:19,1
DA:20,1
DA:21,1
DA:23,0
DA:24,0
DA:29,1
LF:16
LH:12
BRF:0
BRH:0
end_of_record
TN:
SF:src/controllers/baseController.js
FN:5,(anonymous_0)
FN:15,(anonymous_1)
FN:40,(anonymous_2)
FN:62,(anonymous_3)
FN:90,(anonymous_4)
FN:105,(anonymous_5)
FN:133,(anonymous_6)
FNF:7
FNH:2
FNDA:3,(anonymous_0)
FNDA:0,(anonymous_1)
FNDA:0,(anonymous_2)
FNDA:0,(anonymous_3)
FNDA:0,(anonymous_4)
FNDA:0,(anonymous_5)
FNDA:1,(anonymous_6)
DA:1,1
DA:2,1
DA:6,3
DA:7,3
DA:8,3
DA:9,3
DA:10,3
DA:11,3
DA:12,3
DA:16,0
DA:17,0
DA:18,0
DA:20,0
DA:21,0
DA:23,0
DA:24,0
DA:26,0
DA:27,0
DA:28,0
DA:30,0
DA:31,0
DA:33,0
DA:35,0
DA:36,0
DA:41,0
DA:42,0
DA:43,0
DA:45,0
DA:46,0
DA:48,0
DA:49,0
DA:51,0
DA:52,0
DA:53,0
DA:55,0
DA:57,0
DA:58,0
DA:63,0
DA:64,0
DA:65,0
DA:67,0
DA:68,0
DA:70,0
DA:71,0
DA:73,0
DA:74,0
DA:76,0
DA:77,0
DA:78,0
DA:80,0
DA:81,0
DA:83,0
DA:85,0
DA:86,0
DA:91,0
DA:92,0
DA:93,0
DA:94,0
DA:95,0
DA:97,0
DA:98,0
DA:100,0
DA:101,0
DA:106,0
DA:107,0
DA:108,0
DA:109,0
DA:111,0
DA:112,0
DA:115,0
DA:122,0
DA:123,0
DA:126,0
DA:128,0
DA:129,0
DA:134,1
DA:135,1
DA:136,1
DA:137,1
DA:138,1
DA:140,1
DA:142,1
DA:143,0
DA:146,1
DA:148,1
DA:149,0
DA:152,1
DA:154,0
DA:155,0
DA:160,1
LF:90
LH:20
BRDA:20,0,0,0
BRDA:20,0,1,0
BRDA:23,1,0,0
BRDA:23,1,1,0
BRDA:27,2,0,0
BRDA:27,2,1,0
BRDA:30,3,0,0
BRDA:30,3,1,0
BRDA:45,4,0,0
BRDA:45,4,1,0
BRDA:48,5,0,0
BRDA:48,5,1,0
BRDA:52,6,0,0
BRDA:52,6,1,0
BRDA:67,7,0,0
BRDA:67,7,1,0
BRDA:70,8,0,0
BRDA:70,8,1,0
BRDA:73,9,0,0
BRDA:73,9,1,0
BRDA:77,10,0,0
BRDA:77,10,1,0
BRDA:80,11,0,0
BRDA:80,11,1,0
BRDA:94,12,0,0
BRDA:94,12,1,0
BRDA:111,13,0,0
BRDA:111,13,1,0
BRDA:122,14,0,0
BRDA:122,14,1,0
BRDA:137,15,0,1
BRDA:137,15,1,0
BRDA:142,16,0,0
BRDA:142,16,1,1
BRDA:148,17,0,0
BRDA:148,17,1,1
BRF:36
BRH:3
end_of_record
TN:
SF:src/controllers/contract.js
FN:6,(anonymous_0)
FN:12,(anonymous_1)
FN:22,(anonymous_2)
FNF:3
FNH:3
FNDA:1,(anonymous_0)
FNDA:1,(anonymous_1)
FNDA:1,(anonymous_2)
DA:1,1
DA:2,1
DA:3,1
DA:4,1
DA:7,1
DA:8,1
DA:9,1
DA:13,1
DA:14,1
DA:15,1
DA:17,0
DA:18,0
DA:23,1
DA:24,1
DA:25,1
DA:27,0
DA:28,0
DA:33,1
LF:18
LH:14
BRF:0
BRH:0
end_of_record
TN:
SF:src/controllers/job.js
FN:8,(anonymous_0)
FN:14,(anonymous_1)
FN:24,(anonymous_2)
FNF:3
FNH:3
FNDA:1,(anonymous_0)
FNDA:1,(anonymous_1)
FNDA:1,(anonymous_2)
DA:1,1
DA:2,1
DA:3,1
DA:4,1
DA:5,1
DA:9,1
DA:10,1
DA:11,1
DA:15,1
DA:16,1
DA:17,1
DA:19,0
DA:20,0
DA:25,1
DA:26,1
DA:27,1
DA:28,1
DA:29,1
DA:31,0
DA:33,0
DA:35,0
DA:37,0
DA:39,0
DA:45,1
LF:24
LH:17
BRDA:33,0,0,0
BRDA:33,0,1,0
BRDA:33,0,2,0
BRF:3
BRH:0
end_of_record
TN:
SF:src/controllers/profile.js
FN:7,(anonymous_0)
FN:12,(anonymous_1)
FNF:2
FNH:2
FNDA:1,(anonymous_0)
FNDA:1,(anonymous_1)
DA:1,1
DA:2,1
DA:3,1
DA:4,1
DA:8,1
DA:9,1
DA:13,1
DA:14,1
DA:15,1
DA:16,1
DA:17,1
DA:19,0
DA:20,0
DA:25,1
LF:14
LH:12
BRF:0
BRH:0
end_of_record
TN:
SF:src/middleware/dbValidation.js
FN:5,(anonymous_0)
FN:6,(anonymous_1)
FN:22,(anonymous_2)
FN:25,(anonymous_3)
FN:28,(anonymous_4)
FN:31,(anonymous_5)
FN:32,(anonymous_6)
FNF:7
FNH:6
FNDA:11,(anonymous_0)
FNDA:4,(anonymous_1)
FNDA:4,(anonymous_2)
FNDA:3,(anonymous_3)
FNDA:4,(anonymous_4)
FNDA:2,(anonymous_5)
FNDA:0,(anonymous_6)
DA:1,1
DA:2,1
DA:4,1
DA:6,11
DA:7,4
DA:8,4
DA:9,0
DA:12,4
DA:13,4
DA:14,0
DA:17,4
DA:18,4
DA:23,4
DA:26,3
DA:29,4
DA:32,2
DA:33,0
DA:34,0
DA:35,0
DA:36,0
DA:37,0
DA:38,0
DA:39,0
DA:40,0
DA:44,0
DA:46,0
DA:52,1
LF:27
LH:15
BRDA:5,0,0,0
BRDA:7,1,0,4
BRDA:7,1,1,0
BRDA:8,2,0,0
BRDA:8,2,1,4
BRDA:13,3,0,0
BRDA:13,3,1,4
BRDA:14,4,0,0
BRDA:14,4,1,0
BRDA:22,5,0,0
BRDA:25,6,0,3
BRDA:28,7,0,3
BRDA:37,8,0,0
BRDA:37,8,1,0
BRDA:39,9,0,0
BRDA:39,9,1,0
BRF:16
BRH:5
end_of_record
TN:
SF:src/middleware/errorHandler.js
FN:3,(anonymous_0)
FNF:1
FNH:0
FNDA:0,(anonymous_0)
DA:1,1
DA:3,1
DA:4,0
DA:6,0
DA:13,1
LF:5
LH:3
BRDA:6,0,0,0
BRDA:6,0,1,0
BRDA:8,1,0,0
BRDA:8,1,1,0
BRF:4
BRH:0
end_of_record
TN:
SF:src/middleware/getProfile.js
FN:1,(anonymous_0)
FNF:1
FNH:1
FNDA:8,(anonymous_0)
DA:1,1
DA:2,8
DA:3,8
DA:4,8
DA:5,8
DA:6,8
DA:8,1
LF:7
LH:7
BRDA:3,0,0,8
BRDA:3,0,1,0
BRDA:4,1,0,0
BRDA:4,1,1,8
BRF:4
BRH:2
end_of_record
TN:
SF:src/middleware/requestValidation.js
FN:1,(anonymous_0)
FN:2,(anonymous_1)
FN:11,(anonymous_2)
FN:12,(anonymous_3)
FN:21,(anonymous_4)
FN:22,(anonymous_5)
FNF:6
FNH:6
FNDA:7,(anonymous_0)
FNDA:1,(anonymous_1)
FNDA:11,(anonymous_2)
FNDA:4,(anonymous_3)
FNDA:2,(anonymous_4)
FNDA:2,(anonymous_5)
DA:1,1
DA:2,7
DA:3,1
DA:4,1
DA:5,0
DA:7,1
DA:11,1
DA:12,11
DA:13,4
DA:14,4
DA:15,0
DA:17,4
DA:21,1
DA:22,2
DA:23,2
DA:24,2
DA:25,0
DA:27,2
DA:31,1
LF:19
LH:16
BRDA:4,0,0,0
BRDA:4,0,1,1
BRDA:14,1,0,0
BRDA:14,1,1,4
BRDA:24,2,0,0
BRDA:24,2,1,2
BRF:6
BRH:3
end_of_record
TN:
SF:src/models/contract.js
FN:3,(anonymous_0)
FN:5,(anonymous_1)
FNF:2
FNH:2
FNDA:2,(anonymous_0)
FNDA:2,(anonymous_1)
DA:1,2
DA:3,2
DA:6,2
DA:7,2
DA:8,2
DA:12,2
DA:25,2
LF:7
LH:7
BRF:0
BRH:0
end_of_record
TN:
SF:src/models/index.js
FN:17,(anonymous_0)
FNF:1
FNH:1
FNDA:6,(anonymous_0)
DA:1,2
DA:2,2
DA:3,2
DA:4,2
DA:6,2
DA:11,2
DA:12,2
DA:13,2
DA:17,2
DA:18,6
DA:19,6
DA:23,2
LF:12
LH:12
BRDA:18,0,0,6
BRDA:18,0,1,0
BRF:2
BRH:1
end_of_record
TN:
SF:src/models/job.js
FN:3,(anonymous_0)
FN:5,(anonymous_1)
FNF:2
FNH:2
FNDA:2,(anonymous_0)
FNDA:2,(anonymous_1)
DA:1,2
DA:3,2
DA:6,2
DA:10,2
DA:31,2
LF:5
LH:5
BRF:0
BRH:0
end_of_record
TN:
SF:src/models/profile.js
FN:3,(anonymous_0)
FN:5,(anonymous_1)
FNF:2
FNH:2
FNDA:2,(anonymous_0)
FNDA:2,(anonymous_1)
DA:1,2
DA:3,2
DA:6,2
DA:7,2
DA:11,2
DA:35,2
LF:6
LH:6
BRF:0
BRH:0
end_of_record
TN:
SF:src/routes/admin.js
FNF:0
FNH:0
DA:1,1
DA:2,1
DA:3,1
DA:4,1
DA:6,1
DA:8,1
DA:9,1
DA:11,1
LF:8
LH:8
BRF:0
BRH:0
end_of_record
TN:
SF:src/routes/contract.js
FNF:0
FNH:0
DA:1,1
DA:2,1
DA:3,1
DA:4,1
DA:9,1
DA:10,1
DA:12,1
DA:14,1
DA:20,1
DA:22,1
DA:31,1
DA:38,1
DA:44,1
LF:13
LH:13
BRF:0
BRH:0
end_of_record
TN:
SF:src/routes/job.js
FNF:0
FNH:0
DA:1,1
DA:2,1
DA:3,1
DA:4,1
DA:10,1
DA:11,1
DA:13,1
DA:15,1
DA:17,1
DA:23,1
DA:25,1
DA:31,1
DA:39,1
DA:46,1
DA:52,1
LF:15
LH:15
BRF:0
BRH:0
end_of_record
TN:
SF:src/routes/profile.js
FNF:0
FNH:0
DA:1,1
DA:2,1
DA:3,1
DA:4,1
DA:10,1
DA:12,1
DA:14,1
DA:21,1
DA:23,1
DA:29,1
DA:34,1
DA:41,1
DA:47,1
LF:13
LH:13
BRF:0
BRH:0
end_of_record
TN:
SF:src/services/admin.js
FN:6,(anonymous_0)
FN:37,(anonymous_1)
FNF:2
FNH:2
FNDA:1,(anonymous_0)
FNDA:1,(anonymous_1)
DA:1,1
DA:2,1
DA:3,1
DA:7,1
DA:34,1
DA:38,1
DA:68,1
LF:7
LH:7
BRDA:37,0,0,0
BRF:1
BRH:0
end_of_record
TN:
SF:src/services/baseService.js
FN:5,(anonymous_0)
FN:9,(anonymous_1)
FN:18,(anonymous_2)
FN:27,(anonymous_3)
FN:47,(anonymous_4)
FN:56,(anonymous_5)
FN:94,(anonymous_6)
FN:110,(anonymous_7)
FN:125,(anonymous_8)
FNF:9
FNH:3
FNDA:6,(anonymous_0)
FNDA:0,(anonymous_1)
FNDA:0,(anonymous_2)
FNDA:0,(anonymous_3)
FNDA:0,(anonymous_4)
FNDA:0,(anonymous_5)
FNDA:4,(anonymous_6)
FNDA:7,(anonymous_7)
FNDA:0,(anonymous_8)
DA:1,2
DA:2,2
DA:6,6
DA:10,0
DA:11,0
DA:13,0
DA:14,0
DA:19,0
DA:20,0
DA:22,0
DA:23,0
DA:28,0
DA:29,0
DA:35,0
DA:36,0
DA:37,0
DA:40,0
DA:42,0
DA:43,0
DA:48,0
DA:49,0
DA:51,0
DA:52,0
DA:57,0
DA:64,0
DA:66,0
DA:68,0
DA:78,0
DA:80,0
DA:89,0
DA:90,0
DA:95,4
DA:96,4
DA:98,4
DA:105,0
DA:106,0
DA:111,7
DA:112,7
DA:114,7
DA:120,0
DA:121,0
DA:126,0
DA:127,0
DA:129,0
DA:130,0
DA:135,2
LF:46
LH:10
BRDA:27,0,0,0
BRDA:35,1,0,0
BRDA:35,1,1,0
BRDA:56,2,0,0
BRDA:56,3,0,0
BRDA:59,4,0,0
BRDA:60,5,0,0
BRDA:61,6,0,0
BRDA:62,7,0,0
BRDA:63,8,0,0
BRDA:94,9,0,0
BRDA:94,10,0,2
BRDA:96,11,0,4
BRDA:96,12,0,2
BRDA:96,13,0,4
BRDA:110,14,0,1
BRDA:112,15,0,5
BRDA:112,16,0,7
BRF:18
BRH:7
end_of_record
TN:
SF:src/services/contract.js
FN:6,(anonymous_0)
FN:10,(anonymous_1)
FN:20,(anonymous_2)
FNF:3
FNH:3
FNDA:2,(anonymous_0)
FNDA:1,(anonymous_1)
FNDA:2,(anonymous_2)
DA:1,2
DA:2,2
DA:3,2
DA:7,2
DA:11,1
DA:21,2
DA:31,2
LF:7
LH:7
BRF:0
BRH:0
end_of_record
TN:
SF:src/services/job.js
FN:7,(anonymous_0)
FN:11,(anonymous_1)
FN:27,(anonymous_2)
FN:28,(anonymous_3)
FNF:4
FNH:4
FNDA:2,(anonymous_0)
FNDA:2,(anonymous_1)
FNDA:2,(anonymous_2)
FNDA:2,(anonymous_3)
DA:1,2
DA:2,2
DA:3,2
DA:4,2
DA:8,2
DA:12,2
DA:28,2
DA:29,2
DA:43,2
DA:45,2
DA:50,2
DA:51,0
DA:55,2
DA:61,2
DA:67,2
DA:68,2
DA:69,2
DA:71,2
DA:74,2
DA:78,2
LF:20
LH:19
BRDA:43,0,0,0
BRDA:43,0,1,2
BRDA:50,1,0,0
BRDA:50,1,1,2
BRF:4
BRH:2
end_of_record
TN:
SF:src/services/profile.js
FN:8,(anonymous_0)
FN:12,(anonymous_1)
FN:13,(anonymous_2)
FNF:3
FNH:3
FNDA:2,(anonymous_0)
FNDA:3,(anonymous_1)
FNDA:3,(anonymous_2)
DA:1,2
DA:2,2
DA:3,2
DA:4,2
DA:5,2
DA:9,2
DA:13,3
DA:14,3
DA:22,3
DA:23,0
DA:26,3
DA:38,3
DA:39,1
DA:42,2
DA:48,2
DA:50,2
DA:53,2
DA:57,2
LF:18
LH:17
BRDA:22,0,0,0
BRDA:22,0,1,3
BRDA:38,1,0,1
BRDA:38,1,1,2
BRF:4
BRH:3
end_of_record
TN:
SF:src/utils/logger.js
FN:5,(anonymous_0)
FN:38,(anonymous_1)
FN:43,(anonymous_2)
FNF:3
FNH:0
FNDA:0,(anonymous_0)
FNDA:0,(anonymous_1)
FNDA:0,(anonymous_2)
DA:1,2
DA:2,2
DA:5,2
DA:6,0
DA:10,2
DA:38,2
DA:39,0
DA:40,0
DA:41,0
DA:43,0
DA:44,0
DA:45,0
DA:46,0
DA:47,0
DA:50,0
DA:52,0
DA:56,2
LF:17
LH:6
BRDA:6,0,0,0
BRDA:6,0,1,0
BRDA:11,1,0,2
BRDA:11,1,1,2
BRDA:44,2,0,0
BRDA:44,2,1,0
BRDA:46,3,0,0
BRDA:46,3,1,0
BRF:8
BRH:2
end_of_record
TN:
SF:src/utils/response.js
FN:1,(anonymous_0)
FN:21,(anonymous_1)
FN:30,(anonymous_2)
FNF:3
FNH:3
FNDA:11,(anonymous_0)
FNDA:2,(anonymous_1)
FNDA:5,(anonymous_2)
DA:1,2
DA:2,11
DA:3,11
DA:5,11
DA:6,1
DA:13,10
DA:21,2
DA:22,2
DA:23,2
DA:24,2
DA:25,2
DA:26,2
DA:27,2
DA:30,2
DA:31,5
DA:32,5
DA:33,5
DA:34,5
DA:42,2
LF:19
LH:19
BRDA:1,0,0,7
BRDA:1,1,0,2
BRDA:1,2,0,9
BRDA:1,3,0,10
BRDA:5,4,0,1
BRDA:5,4,1,10
BRDA:30,5,0,4
BRDA:31,6,0,5
BRDA:31,6,1,4
BRDA:31,6,2,2
BRDA:32,7,0,5
BRDA:32,7,1,4
BRDA:32,7,2,3
BRDA:33,8,0,5
BRDA:33,8,1,4
BRF:15
BRH:15
end_of_record
TN:
SF:src/validations/baseValidation.js
FN:13,(anonymous_0)
FN:15,(anonymous_1)
FNF:2
FNH:1
FNDA:11,(anonymous_0)
FNDA:0,(anonymous_1)
DA:1,1
DA:3,1
DA:4,1
DA:5,1
DA:6,1
DA:8,1
DA:9,1
DA:10,1
DA:11,1
DA:13,11
DA:15,1
DA:17,1
LF:12
LH:12
BRF:0
BRH:0
end_of_record
TN:
SF:src/validations/index.js
FNF:0
FNH:0
DA:13,1
DA:16,1
DA:23,1
DA:29,1
DA:35,1
DA:40,1
DA:45,1
DA:53,1
DA:61,1
DA:66,1
DA:71,1
DA:78,1
DA:84,1
LF:13
LH:13
BRF:0
BRH:0
end_of_record
